[    1590ms] [WARNING] The width(-1) and height(-1) of chart should be greater than 0,
       please check the style of container, or the props width(100%) and height(100%),
       or add a minWidth(0) or minHeight(undefined) or use aspect(undefined) to control the
       height and width. @ https://ton.twimg.com/web-app-framework/x-web/xam/_next/static/chunks/700408e168e6ccc5.js:17
[    1813ms] [ERROR] Failed to load resource: the server responded with a status of 404 () @ https://imagine-public.x.ai/x-ads/posts/2063599593947009378/1.png:0
[    1946ms] [ERROR] Failed to load resource: the server responded with a status of 404 () @ https://imagine-public.x.ai/x-ads/posts/2063318732923949092/1.png:0
[    6377ms] [ERROR] Failed to load resource: the server responded with a status of 429 () @ https://o30969.ingest.us.sentry.io/api/4510761750364160/envelope/?sentry_version=7&sentry_key=5488c61fc276971bf2424e0386c5d27a&sentry_client=sentry.javascript.nextjs%2F10.19.0:0
[  520072ms] [ERROR] Failed to load resource: the server responded with a status of 429 () @ https://o30969.ingest.us.sentry.io/api/4510761750364160/envelope/?sentry_version=7&sentry_key=5488c61fc276971bf2424e0386c5d27a&sentry_client=sentry.javascript.nextjs%2F10.19.0:0
[  572867ms] [WARNING] The width(-1) and height(-1) of chart should be greater than 0,
       please check the style of container, or the props width(100%) and height(100%),
       or add a minWidth(0) or minHeight(undefined) or use aspect(undefined) to control the
       height and width. @ https://ton.twimg.com/web-app-framework/x-web/xam/_next/static/chunks/700408e168e6ccc5.js:17
[  591190ms] [WARNING] The width(-1) and height(-1) of chart should be greater than 0,
       please check the style of container, or the props width(100%) and height(100%),
       or add a minWidth(0) or minHeight(undefined) or use aspect(undefined) to control the
       height and width. @ https://ton.twimg.com/web-app-framework/x-web/xam/_next/static/chunks/700408e168e6ccc5.js:17
[  591513ms] [ERROR] Failed to load resource: the server responded with a status of 404 () @ https://imagine-public.x.ai/x-ads/posts/2063318732923949092/1.png:0
[  591647ms] [ERROR] Failed to load resource: the server responded with a status of 404 () @ https://imagine-public.x.ai/x-ads/posts/2063599593947009378/1.png:0
[  595132ms] [ERROR] Failed to load resource: the server responded with a status of 429 () @ https://o30969.ingest.us.sentry.io/api/4510761750364160/envelope/?sentry_version=7&sentry_key=5488c61fc276971bf2424e0386c5d27a&sentry_client=sentry.javascript.nextjs%2F10.19.0:0
[  997196ms] [ERROR] Failed to load resource: the server responded with a status of 404 () @ https://ads.x.com/manager/18ce55rrs16/campaigns/41558061/edit/campaign/details:0
[ 1011516ms] [ERROR] Failed to load resource: the server responded with a status of 429 () @ https://o30969.ingest.us.sentry.io/api/4510761750364160/envelope/?sentry_version=7&sentry_key=5488c61fc276971bf2424e0386c5d27a&sentry_client=sentry.javascript.nextjs%2F10.19.0:0
[ 1195184ms] [WARNING] The width(-1) and height(-1) of chart should be greater than 0,
       please check the style of container, or the props width(100%) and height(100%),
       or add a minWidth(0) or minHeight(undefined) or use aspect(undefined) to control the
       height and width. @ https://ton.twimg.com/web-app-framework/x-web/xam/_next/static/chunks/700408e168e6ccc5.js:17
[ 1195666ms] [ERROR] Failed to load resource: the server responded with a status of 404 () @ https://imagine-public.x.ai/x-ads/posts/2063606386584432852/1.png:0
[ 1297046ms] [INFO] Banner not shown: beforeinstallpromptevent.preventDefault() called. The page must call beforeinstallpromptevent.prompt() to show the banner. @ https://worldcup26.world/:0
[ 1481825ms] [WARNING] The width(-1) and height(-1) of chart should be greater than 0,
       please check the style of container, or the props width(100%) and height(100%),
       or add a minWidth(0) or minHeight(undefined) or use aspect(undefined) to control the
       height and width. @ https://ton.twimg.com/web-app-framework/x-web/xam/_next/static/chunks/700408e168e6ccc5.js:17
[ 1482060ms] [ERROR] Failed to load resource: the server responded with a status of 404 () @ https://imagine-public.x.ai/x-ads/posts/2063606386584432852/1.png:0
[ 1482061ms] [ERROR] Failed to load resource: the server responded with a status of 404 () @ https://imagine-public.x.ai/x-ads/posts/2063318732923949092/1.png:0
[ 1482518ms] [ERROR] Failed to load resource: the server responded with a status of 404 () @ https://imagine-public.x.ai/x-ads/posts/2063599593947009378/1.png:0
[ 1486541ms] [ERROR] Failed to load resource: the server responded with a status of 429 () @ https://o30969.ingest.us.sentry.io/api/4510761750364160/envelope/?sentry_version=7&sentry_key=5488c61fc276971bf2424e0386c5d27a&sentry_client=sentry.javascript.nextjs%2F10.19.0:0
[ 1588843ms] [LOG] 
%cStai! font-family:helvetica; font-size:20px; font-size:50px; font-weight:bold; color:red; -webkit-text-stroke:1px black; @ https://static.xx.fbcdn.net/rsrc.php/v4i5IE4/yL/l/ro_RO-j/DyKhI9RxyQ1.js:6
[ 1588843ms] [LOG] 
%cAceasta este o funcţie de browser destinată dezvoltatorilor. Dacă cineva ţi-a spus să copiezi ceva aici pentru a activa o altă funcţie Facebook sau pentru a „sparge” contul cuiva, este o înşelătorie şi îi vei oferi acces la contul tău de Facebook. font-family:helvetica; font-size:20px;  @ https://static.xx.fbcdn.net/rsrc.php/v4i5IE4/yL/l/ro_RO-j/DyKhI9RxyQ1.js:6
[ 1588843ms] [LOG] 
%cPentru mai multe informaţii, vezi https://www.facebook.com/selfxss. font-family:helvetica; font-size:20px;  @ https://static.xx.fbcdn.net/rsrc.php/v4i5IE4/yL/l/ro_RO-j/DyKhI9RxyQ1.js:6
[ 1588843ms] [LOG] 
%c  @ https://static.xx.fbcdn.net/rsrc.php/v4i5IE4/yL/l/ro_RO-j/DyKhI9RxyQ1.js:6
[ 4871263ms] [ERROR] ErrorUtils caught an error:

Triggered an unintended ad object spec mutation! Action: ADS_ADGROUP_EDITOR_SET_WEBSITE_URL, browser event type: undefined

Subsequent non-fatal errors won't be logged; see https://fburl.com/debugjs. {blameModule: AdsUEditorAdgroupWebsiteURLFieldContainer.react, column: 17870, clientTime: 1780840754, extra: Object, guardList: Array(3)} @ https://static.xx.fbcdn.net/rsrc.php/v4/yA/r/llpHPzBZ1ZW.js:79
[ 4937878ms] [ERROR] [GraphAPICore] AdsUserSettingsDataManager | get:object:ads_user_settings | (100.33) Unsupported get request. Object with ID '61071192' does not exist, cannot be loaded due to missing permissions, or does not support this operation. Please read the Graph API documentation at https://developers.facebook.com/docs/graph-api | URI: /v22.0/61071192 | fbtrace: H0KNfy2KqUZ | wwwRequestID: AziYR7UeF940otEygNRCkS0 | opes_mids: b39b09b1bdb1e7a7f98b3470549aae5b @ https://static.xx.fbcdn.net/rsrc.php/v4iibW4/yg/l/ro_RO-j/ncqxhdXqQlI.js:205
