[     933ms] [ERROR] The Content Security Policy directive 'upgrade-insecure-requests' is ignored when delivered in a report-only policy. @ https://www.tiktok.com/login?redirect_url=https%3A%2F%2Fwww.tiktok.com%2Fv2%2Fauth%2Fauthorize%2F%3Fclient_key%3Dawb8yexdm4y2h5m0%26scope%3Duser.info.basic%2Cvideo.list%2Cvideo.list.private_ads.no_watermark%2Cvideo.list.no_watermark%2Cvideo.list.noshowads%2Cuser.info.stats%2Cuser.account.type%2Cuser.info.profile%2Cuser.info.username%2Cvideo.publish%2Cvideo.upload%2Cvideo.ads.create%2Cvideo.ads.publish%26lang%3Den%26bc_params%3DCkJjYIaDbtngtfFGhlCRb1KUl5s8BYwtcFBdynzOe%252BP%252FgkDoreKisZL8rzMfI9ZJ0QZ8Tj9dqWVjRVM9wYLs9u2kd4AaSQo8AAAAAAAAAAAAAFCDXlbV4u3zoarTWVdvEp8cDgXmnedNMqviYThFOHyo%252FCXf0g7jfAgNJSLWsgV%252F205nEMfEkw4Yo6GmqgwiAQSiibI%252F%26response_type%3Dcode%26redirect_uri%3Dhttps%253A%252F%252Fbusiness.tiktok.com%252Fapi%252Fv2%252Fbm%252Ftt_account%252Finvited%252F%253Fserial_no%253De0b183b38a22417307c2cbc632dc32f0%2526source%253Dweb%26state%3Dsource%3Aweb%7Chostname%3Abusiness.tiktok.com:0
[     983ms] [INFO] Creating a worker from 'https://www.tiktok.com/sw.js' violates the following Content Security Policy directive: "worker-src 'none'". The policy is report-only, so the violation has been logged but no further action has been taken. @ https://sf16-website-login.neutral.tiktokcdn-eu.com/obj/tiktok_web_login_static_eu/tiktok_privacy_protection_framework/loader/1.0.0.943/core.js?globalName=__PNS_RUNTIME__:2
[    1021ms] [WARNING] Reflect is already polyfilled. @ https://sf16-website-login.neutral.ttwstatic.com/obj/tiktok_web_login_static/tiktok/webapp/login/webapp-login-page/webapp-login-page.790c8a1b25a6e17d3b86.js:0
[    1144ms] [WARNING] InvalidCharacterError: Failed to execute 'atob' on 'Window': The string to be decoded is not correctly encoded.
    at i (https://sf16-website-login.neutral.ttwstatic.com/obj/tiktok_web_login_static/tiktok/webapp/login/webapp-login-page/webapp-login-page.790c8a1b25a6e17d3b86.js:214:158851)
    at Object.init (https://sf16-website-login.neutral.ttwstatic.com/obj/tiktok_web_login_static/tiktok/webapp/login/webapp-login-page/webapp-login-page.790c8a1b25a6e17d3b86.js:65:572144)
    at Nb (https://sf16-website-login.neutral.ttwstatic.com/obj/tiktok_web_login_static/tiktok/webapp/login/webapp-login-page/webapp-login-page.790c8a1b25a6e17d3b86.js:65:573342)
    at jI (https://sf16-website-login.neutral.ttwstatic.com/obj/tiktok_web_login_static/tiktok/webapp/login/webapp-login-page/webapp-login-page.790c8a1b25a6e17d3b86.js:171:3123)
    at ll (https://sf16-website-login.neutral.ttwstatic.com/obj/tiktok_web_login_static/tiktok/webapp/login/webapp-login-page/npm-b3a903c8.04746702fa5edfe690b8.js:2:106141)
    at Bl (https://sf16-website-login.neutral.ttwstatic.com/obj/tiktok_web_login_static/tiktok/webapp/login/webapp-login-page/npm-b3a903c8.04746702fa5edfe690b8.js:2:115623)
    at $l (https://sf16-website-login.neutral.ttwstatic.com/obj/tiktok_web_login_static/tiktok/webapp/login/webapp-login-page/npm-b3a903c8.04746702fa5edfe690b8.js:2:114963)
    at Ul (https://sf16-website-login.neutral.ttwstatic.com/obj/tiktok_web_login_static/tiktok/webapp/login/webapp-login-page/npm-b3a903c8.04746702fa5edfe690b8.js:2:114624)
    at Qi (https://sf16-website-login.neutral.ttwstatic.com/obj/tiktok_web_login_static/tiktok/webapp/login/webapp-login-page/npm-b3a903c8.04746702fa5edfe690b8.js:2:161237)
    at Nu (https://sf16-website-login.neutral.ttwstatic.com/obj/tiktok_web_login_static/tiktok/webapp/login/webapp-login-page/npm-b3a903c8.04746702fa5edfe690b8.js:2:145350) @ https://sf16-website-login.neutral.ttwstatic.com/obj/tiktok_web_login_static/tiktok/webapp/login/webapp-login-page/webapp-login-page.790c8a1b25a6e17d3b86.js:213
[    1149ms] [WARNING] [i18n] missing key [en] WebApp_Login Log in or sign up for an account on TikTok. Start watching to discover real people and real videos that will make your day. Log in or sign up for an account on TikTok. Start watching to discover real people and real videos that will make your day. @ https://sf16-website-login.neutral.ttwstatic.com/obj/tiktok_web_login_static/tiktok/webapp/login/webapp-login-page/webapp-login-page.790c8a1b25a6e17d3b86.js:0
[    1166ms] [WARNING] config must be use after function init @ https://sf16-website-login.neutral.ttwstatic.com/obj/tiktok_web_login_static/tiktok/webapp/login/webapp-login-page/vendor.96a3c1b84716873daa5b.js:1
[    1171ms] [INFO] Loading the script 'https://accounts.google.com/gsi/client' violates the following Content Security Policy directive: "script-src 'report-sample' 'unsafe-eval' apis.google.com c.paypal.com cdn.ampproject.org client-api.arkoselabs.com code.jquery.com connect.facebook.net developers.kakao.com interactives.ap.org js.hcaptcha.com js.hsforms.net pay.google.com recaptcha.google.com s20.tiktokcdn.com s3.amazonaws.com sf16-website-login.neutral.tiktokcdn-eu.com sf16-website-login.neutral.ttwstatic.com sf16-website.neutral.tiktokcdn-eu.com sf16-website.neutral.ttwstatic.com sf16m-website-login.neutral.ttwstatic.com ssl.bing.com static.captchami.com tiktok.captchami.com unpkg.com www.vimeo.com". Note that 'script-src-elem' was not explicitly set, so 'script-src' is used as a fallback. The policy is report-only, so the violation has been logged but no further action has been taken. @ https://sf16-website-login.neutral.ttwstatic.com/obj/tiktok_web_login_static/tiktok/webapp/login/webapp-login-page/webapp-login-page.790c8a1b25a6e17d3b86.js:161
[    1196ms] [LOG] %c %s color: yellow; background-color: black; [instance: default] appid: 1988, userInfo:{"user_unique_id":"7648512453602641429","user_type":12,"user_id":"7648350490644759574","user_is_login":true,"device_id":"7648512453602641429"} @ https://sf16-website-login.neutral.ttwstatic.com/obj/tiktok_web_login_static/tiktok/webapp/login/webapp-login-page/vendor.96a3c1b84716873daa5b.js:1
[    1196ms] [LOG] %c %s color: yellow; background-color: black; [instance: default] appid: 1988, sdk is ready, version is 5.3.17, you can report now !!! @ https://sf16-website-login.neutral.ttwstatic.com/obj/tiktok_web_login_static/tiktok/webapp/login/webapp-login-page/vendor.96a3c1b84716873daa5b.js:1
[    1209ms] [INFO] Creating a worker from 'https://www.tiktok.com/sw.js' violates the following Content Security Policy directive: "worker-src 'none'". The policy is report-only, so the violation has been logged but no further action has been taken. @ https://sf16-website-login.neutral.tiktokcdn-eu.com/obj/tiktok_web_login_static_eu/tiktok_privacy_protection_framework/loader/1.0.0.943/index.js:3
[    1228ms] [INFO] . @ https://sf16-website-login.neutral.tiktokcdn-eu.com/obj/tiktok_web_login_static_eu/webmssdk/1.0.0.374/webmssdk.js:0
[    1380ms] [LOG] %c %s color: yellow; background-color: black; [instance: cookie_banner_tea_sdk] appid: 345918, userInfo:{"user_unique_id":"8651022350147481031","web_id":"8651022350147481031"} @ https://sf16-website-login.neutral.tiktokcdn-eu.com/obj/tiktok_web_login_static_eu/webmssdk/1.0.0.374/webmssdk.js:0
[    1380ms] [LOG] %c %s color: yellow; background-color: black; [instance: cookie_banner_tea_sdk] appid: 345918, sdk is ready, version is 5.3.17, you can report now !!! @ https://sf16-website-login.neutral.tiktokcdn-eu.com/obj/tiktok_web_login_static_eu/webmssdk/1.0.0.374/webmssdk.js:0
[    2485ms] [WARNING] [Bridge] This version has Break Change, please pay attention to compatibility, more details: https://zjsms.com/JXKorkC/ @ https://sf16-website-login.neutral.ttwstatic.com/obj/tiktok_web_login_static/tiktok/tiktok_4d_auth/gcp/static/js/3417.597da96b.js:1
[    2490ms] [WARNING] You have already used another JSB SDK, which may cause some of the capabilities of this SDK to be disabled. @ https://sf16-website-login.neutral.ttwstatic.com/obj/tiktok_web_login_static/tiktok/tiktok_4d_auth/gcp/static/js/933.c1ae75b9.js:1
[    2525ms] [LOG] {client_key: awb8yexdm4y2h5m0, scope: user.info.basic,video.list,video.list.private_ads.…h,video.upload,video.ads.create,video.ads.publish, lang: en, bc_params: CkJjYIaDbtngtfFGhlCRb1KUl5s8BYwtcFBdynzOe+P/gkDore…o/CXf0g7jfAgNJSLWsgV/205nEMfEkw4Yo6GmqgwiAQSiibI/, response_type: code} newParamsObject @ https://sf16-website-login.neutral.ttwstatic.com/obj/tiktok_web_login_static/tiktok/tiktok_4d_auth/gcp/static/js/authV2.7dfee1f9.js:1
[    2533ms] [LOG] %c %s color: yellow; background-color: black; [instance: default] appid: 1988, userInfo:{"user_unique_id":"7648512453602641429","web_id":"7648512453602641429"} @ https://sf16-website-login.neutral.ttwstatic.com/obj/tiktok_web_login_static/log-sdk/collect/5.2/oversea/collect.js:0
[    2533ms] [LOG] %c %s color: yellow; background-color: black; [instance: default] appid: 1988, sdk is ready, version is 5.3.12_oversea, you can report now !!! @ https://sf16-website-login.neutral.ttwstatic.com/obj/tiktok_web_login_static/log-sdk/collect/5.2/oversea/collect.js:0
[    2632ms] [ERROR] Failed to launch 'bytedance://dispatch_message/' because the scheme does not have a registered handler. @ https://www.tiktok.com/v2/auth/authorize/?client_key=awb8yexdm4y2h5m0&scope=user.info.basic,video.list,video.list.private_ads.no_watermark,video.list.no_watermark,video.list.noshowads,user.info.stats,user.account.type,user.info.profile,user.info.username,video.publish,video.upload,video.ads.create,video.ads.publish&lang=en&bc_params=CkJjYIaDbtngtfFGhlCRb1KUl5s8BYwtcFBdynzOe%2BP%2FgkDoreKisZL8rzMfI9ZJ0QZ8Tj9dqWVjRVM9wYLs9u2kd4AaSQo8AAAAAAAAAAAAAFCDXlbV4u3zoarTWVdvEp8cDgXmnedNMqviYThFOHyo%2FCXf0g7jfAgNJSLWsgV%2F205nEMfEkw4Yo6GmqgwiAQSiibI%2F&response_type=code&redirect_uri=https%3A%2F%2Fbusiness.tiktok.com%2Fapi%2Fv2%2Fbm%2Ftt_account%2Finvited%2F%3Fserial_no%3De0b183b38a22417307c2cbc632dc32f0%26source%3Dweb&state=source:web|hostname:business.tiktok.com:0
[    2689ms] [LOG] %c %s color: yellow; background-color: black; [instance: default] appid: 1988 token change, new userInfo:{"user_unique_id":"7648529101409666582","web_id":"7648512453602641429"} @ https://sf16-website-login.neutral.ttwstatic.com/obj/tiktok_web_login_static/log-sdk/collect/5.2/oversea/collect.js:0
[    2690ms] [LOG] %c %s color: yellow; background-color: black; [instance: default] appid: 1988 token change, new userInfo:{"user_unique_id":"7648529101409666582","web_id":"7648529101409666582"} @ https://sf16-website-login.neutral.ttwstatic.com/obj/tiktok_web_login_static/log-sdk/collect/5.2/oversea/collect.js:0
[    3492ms] [LOG] [Magpie SDK] Runtime env result:  {envs: Array(5)} @ https://sf16-website-login.neutral.ttwstatic.com/obj/tiktok_web_login_static/tiktok/tiktok_4d_auth/gcp/static/js/933.c1ae75b9.js:1
[    5551ms] [LOG] URLSearchParams getAuthRequestParams @ https://sf16-website-login.neutral.ttwstatic.com/obj/tiktok_web_login_static/tiktok/tiktok_4d_auth/gcp/static/js/authV2.7dfee1f9.js:1
[    9270ms] [INFO] . @ https://sf16-website-login.neutral.ttwstatic.com/obj/tiktok_web_login_static/webmssdk/1.0.0.162/webmssdk.js:0
[    9273ms] [LOG] ---preRun--- @ https://lf-tt4b.tiktokcdn.com/obj/ttastatic-sg/business_center/bc-main/pre-main-fetch.d60e67a8.js:0
[    9273ms] [LOG] ---has load--- @ https://lf-tt4b.tiktokcdn.com/obj/ttastatic-sg/business_center/bc-main/pre-main-fetch.d60e67a8.js:0
[    9282ms] [LOG] --IsBOE--- false @ https://lf-tt4b.tiktokcdn.com/obj/ttastatic-sg/business_center/bc-main/static/js/973.d41f7ace.js:1
[    9282ms] [LOG] ----envConfig- {bcOrigin: https://business.tiktok.com, platformOrigin: https://ads.tiktok.com, pluginConfig: Object, ssoZone: SG, imgSrcPrefix: Object} @ https://lf-tt4b.tiktokcdn.com/obj/ttastatic-sg/business_center/bc-main/static/js/973.d41f7ace.js:1
[    9285ms] [LOG] [Garfish] garfishApps [Object, Object, Object, Object, Object, Object, Object, Object, Object] @ https://lf-tt4b.tiktokcdn.com/obj/ttastatic-sg/business_center/bc-main/static/js/973.d41f7ace.js:1
[    9285ms] [LOG] [performance] preloadSubApp start 937.8999999761581 @ https://lf-tt4b.tiktokcdn.com/obj/ttastatic-sg/business_center/bc-main/static/js/preloadSubApp.a3525bf5.js:1
[    9285ms] [LOG] [Garfish preloadSubApp] react @ https://lf-tt4b.tiktokcdn.com/obj/ttastatic-sg/business_center/bc-main/static/js/preloadSubApp.a3525bf5.js:1
[    9298ms] [LOG] [performance] main entry @ https://lf-tt4b.tiktokcdn.com/obj/ttastatic-sg/business_center/bc-main/static/js/main.853dab19.js:1
[    9306ms] [LOG] [performance] layout render done 7 @ https://lf-tt4b.tiktokcdn.com/obj/ttastatic-sg/business_center/bc-main/static/js/main.853dab19.js:1
[    9306ms] [LOG] ---pre fetch--- @ https://lf-tt4b.tiktokcdn.com/obj/ttastatic-sg/business_center/bc-main/static/js/main.853dab19.js:1
[    9308ms] [LOG] [Garfish] garfishApps react checkMatchPath /auth-tiktok {path: /auth-tiktok, layout: FULL_SCREEN} @ https://lf-tt4b.tiktokcdn.com/obj/ttastatic-sg/business_center/bc-main/static/js/973.d41f7ace.js:1
[    9308ms] [LOG] [Garfish router beforeEach]: /auth-tiktok {fullPath: /, href: , path: /, query: Object, state: Object} {signature: ChyAdjVRIcbuYrtzMsVyYf8fDJ0GVQ2OMpdALr8MGkkKPAAAAA…l39IO43wIDSUi1rIFf9tOZxClxJMOGKOhpqoMIgEEe01/5Q==, error_code: 0, result_type: unknown, hostname: business.tiktok.com, open_id: } {/manage/overview: /manage/overview, /manage/analytics/ad: /manage/analytics/overview, /manage/business-suite/analytics: /manage/business-suite/analytics/overview, /manage/business-suite: /manage/business-suite/content-management, /manage/material: /manage/material} undefined @ https://lf-tt4b.tiktokcdn.com/obj/ttastatic-sg/business_center/bc-main/static/js/main.853dab19.js:1
[    9308ms] [LOG] [performance] App.tsx useEffect done 10 @ https://lf-tt4b.tiktokcdn.com/obj/ttastatic-sg/business_center/bc-main/static/js/main.853dab19.js:1
[    9309ms] [LOG] [performance] mainAppLoadedBreakDown metrics {fetchStartToMainLoaded: 961.0999999940395, htmlFetchTime: 911.2999999821186, htmlToBeforeImportTime: 39.900000005960464, jsImportToLoad: 9.900000005960464} @ https://lf-tt4b.tiktokcdn.com/obj/ttastatic-sg/business_center/bc-main/static/js/973.d41f7ace.js:1
[    9309ms] [LOG] [performance] beforeLoad done 11 @ https://lf-tt4b.tiktokcdn.com/obj/ttastatic-sg/business_center/bc-main/static/js/973.d41f7ace.js:1
[    9309ms] [LOG] --- [Garfish] beforeLoad --- {basename: /auth-tiktok, asyncProviderTimeout: 2000, domGetter: #subApp, sandbox: Object, beforeEval: } @ https://lf-tt4b.tiktokcdn.com/obj/ttastatic-sg/business_center/bc-main/static/js/973.d41f7ace.js:1
[    9375ms] [LOG] starlingClient load done 76 @ https://lf-tt4b.tiktokcdn.com/obj/ttastatic-sg/business_center/bc-main/static/js/main.853dab19.js:1
[    9576ms] [LOG] iframe started @ https://sf16-website.neutral.tiktokcdn-eu.com/obj/tiktok_web_static_eu/tiktok/account/zti/html/main/index.cb59b700c7ab1b72eb2f.js:0
[    9667ms] [INFO] feelgood version: 0.4.11 @ https://lf-tt4b.tiktokcdn.com/obj/ttastatic-sg/business_center/bc-main/static/js/async/197.47c28dcc.js:1
[    9810ms] [LOG] ---pre fetch data all settled--- [] @ https://lf-tt4b.tiktokcdn.com/obj/ttastatic-sg/business_center/bc-main/static/js/main.853dab19.js:1
[   10461ms] [LOG] [performance] afterLoad done 1162 @ https://lf-tt4b.tiktokcdn.com/obj/ttastatic-sg/business_center/bc-main/static/js/973.d41f7ace.js:1
[   10461ms] [LOG] [performance] beforeMount done 1162 @ https://lf-tt4b.tiktokcdn.com/obj/ttastatic-sg/business_center/bc-main/static/js/973.d41f7ace.js:1
[   10461ms] [LOG] --- [Garfish] beforeMount --- {basename: /auth-tiktok, asyncProviderTimeout: 2000, domGetter: #subApp, sandbox: Object, beforeEval: } @ https://lf-tt4b.tiktokcdn.com/obj/ttastatic-sg/business_center/bc-main/static/js/973.d41f7ace.js:1
[   10464ms] [LOG] ----langJsonPath----
 https://lf-tt4b.tiktokcdn.com/obj/ttastatic-sg/business_center/bc-react/lang/en.93512b79.json @ https://lf-tt4b.tiktokcdn.com/obj/ttastatic-sg/business_center/bc-react/pre-lang-be1c013a.js:36
[   10514ms] [WARNING] [Garfish warning]: Package "util" is not found

 @ https://lf16-ttmp.tiktokstaticb.com/obj/ttastatic-sg/sdks/garfish-1.19.9-iife.min.js:6
[   10526ms] [LOG] --IsBOE--- false @ https://lf-tt4b.tiktokcdn.com/obj/ttastatic-sg/business_center/bc-react/static/js/index.0b66464e.js:9
[   10526ms] [LOG] ----envConfig- {bcOrigin: https://business.tiktok.com, platformOrigin: https://ads.tiktok.com, pluginConfig: Object, ssoZone: SG, imgSrcPrefix: Object} @ https://lf-tt4b.tiktokcdn.com/obj/ttastatic-sg/business_center/bc-react/static/js/index.0b66464e.js:9
[   10563ms] [LOG] ======mainStoreFromMainAppState====run== @ https://lf-tt4b.tiktokcdn.com/obj/ttastatic-sg/business_center/bc-react/static/js/index.0b66464e.js:9
[   10566ms] [LOG] [performance] react rootComponent execute 1267 @ https://lf-tt4b.tiktokcdn.com/obj/ttastatic-sg/business_center/bc-react/static/js/index.0b66464e.js:9
[   10568ms] [LOG] setHeight new-bc JSHandle@node @ https://lf-tt4b.tiktokcdn.com/obj/ttastatic-sg/business_center/bc-main/static/js/main.853dab19.js:1
[   10568ms] [LOG] [performance] subAppLoadedBreakDown metrics {fetchStartToSubAppMounted: 2221.199999988079, subAppLoaded: 1151.9000000059605, subAppMounted: 107} @ https://lf-tt4b.tiktokcdn.com/obj/ttastatic-sg/business_center/bc-main/static/js/973.d41f7ace.js:1
[   10568ms] [LOG] [performance] afterMount done 1270 @ https://lf-tt4b.tiktokcdn.com/obj/ttastatic-sg/business_center/bc-main/static/js/973.d41f7ace.js:1
[   10568ms] [LOG] --- [Garfish] afterMount --- {basename: /auth-tiktok, asyncProviderTimeout: 2000, domGetter: #subApp, sandbox: Object, beforeEval: } @ https://lf-tt4b.tiktokcdn.com/obj/ttastatic-sg/business_center/bc-main/static/js/973.d41f7ace.js:1
[   10568ms] [LOG] ======mainStoreFromMainAppState====== {Users: Object, BusinessCenter: Object, Common: Object} @ https://lf-tt4b.tiktokcdn.com/obj/ttastatic-sg/business_center/bc-react/static/js/index.0b66464e.js:9
[   10569ms] [LOG] [performance] load main store done 1271 @ https://lf-tt4b.tiktokcdn.com/obj/ttastatic-sg/business_center/bc-react/static/js/index.0b66464e.js:9
[   10569ms] [LOG] --- [Garfish] afterMount --- @ https://lf-tt4b.tiktokcdn.com/obj/ttastatic-sg/business_center/bc-main/static/js/973.d41f7ace.js:1
[   10570ms] [LOG] ======paymentStoreFromMainAppState====== {Payment: Object} @ https://lf-tt4b.tiktokcdn.com/obj/ttastatic-sg/business_center/bc-react/static/js/index.0b66464e.js:9
[   10570ms] [LOG] [performance] load payment store done 1272 @ https://lf-tt4b.tiktokcdn.com/obj/ttastatic-sg/business_center/bc-react/static/js/index.0b66464e.js:9
[   10576ms] [LOG] [Garfish router afterEach]: {fullPath: /auth-tiktok, href: https://business.tiktok.com/auth-tiktok?signature=…ype=unknown&hostname=business.tiktok.com&open_id=, path: /auth-tiktok, query: Object, state: Object} {fullPath: /, href: , path: /, query: Object, state: Object} @ https://lf-tt4b.tiktokcdn.com/obj/ttastatic-sg/business_center/bc-main/static/js/main.853dab19.js:1
[   10585ms] [LOG] react getPreloadLangPromise resolve @ https://lf-tt4b.tiktokcdn.com/obj/ttastatic-sg/business_center/bc-react/static/js/index.0b66464e.js:9
[   11016ms] [LOG] %c %s color: yellow; background-color: black; [instance: cookie_banner_tea_sdk] appid: 345918, userInfo:{"user_unique_id":"7509131382014210459","web_id":"7509131382014210459"} @ https://lf-tt4b.tiktokcdn.com/obj/ttastatic-sg/business_center/bc-main/static/js/138.114c65a7.js:1
[   11016ms] [LOG] %c %s color: yellow; background-color: black; [instance: cookie_banner_tea_sdk] appid: 345918, sdk is ready, version is 5.3.15_oversea, you can report now !!! @ https://lf-tt4b.tiktokcdn.com/obj/ttastatic-sg/business_center/bc-main/static/js/138.114c65a7.js:1
[   11022ms] [ERROR] Connecting to 'https://mon16-normal-useastred.tiktokv.eu/monitor_web/settings/browser-settings?bid=pns_cookie_banner_slardar&store=1' violates the following Content Security Policy directive: "default-src 'self' 'unsafe-eval' 'unsafe-inline' blob: bytedance: data: http://*.akamaized.net wss://*.tiktok.com *.adsintegrity.net *.akamaized.net *.amazonaws.com *.bitssec.com *.braintree-api.com *.braintreegateway.com *.business-tiktok.com *.bytedapm.com *.bytehwm-row.com *.byteintl.com *.byteintl.net *.byteintlapi.com *.byteintlstatic.com *.bytelemon.com *.byteoversea.com *.bytevcloudapi.com *.doubleclick.net *.g-p-static.com *.g-t-static.com *.gcrmtos.com *.goin.cloud *.goofy-cdn.com *.goofy.app *.googleapis.com *.googletagmanager.com *.gstatic.com *.ibytedtos.com *.ibyteimg.com *.isnssdk.com *.oecstatic.com *.omise.co *.paypal.com *.pipopay.com *.pipopayment.com *.pipopayment.us *.sgsnssdk.com *.slant.co *.tiktok-row.net *.tiktok.com *.tiktokcdn-eu.com *.tiktokcdn-us.com *.tiktokcdn.com *.tiktokstaticb.com *.tiktokv-eu.com *.tiktokv-us.com *.tiktokv.com *.tiktokw.eu *.tiktokw.us *.ttwstatic.com *.vimeo.com *.vodupload.com *.yhgfb-static.com s.yimg.com sf-starling.tiktok-cdns.com". Note that 'connect-src' was not explicitly set, so 'default-src' is used as a fallback. The action has been blocked. @ https://sf16-website-login.neutral.ttwstatic.com/obj/tiktok_web_login_static/tiktok_privacy_protection_framework/loader/1.0.0.951/index.js:3
[   11023ms] [ERROR] Connecting to 'https://mon16-normal-useastred.tiktokv.eu/monitor_web/settings/browser-settings?bid=pns_consent_system&store=1' violates the following Content Security Policy directive: "default-src 'self' 'unsafe-eval' 'unsafe-inline' blob: bytedance: data: http://*.akamaized.net wss://*.tiktok.com *.adsintegrity.net *.akamaized.net *.amazonaws.com *.bitssec.com *.braintree-api.com *.braintreegateway.com *.business-tiktok.com *.bytedapm.com *.bytehwm-row.com *.byteintl.com *.byteintl.net *.byteintlapi.com *.byteintlstatic.com *.bytelemon.com *.byteoversea.com *.bytevcloudapi.com *.doubleclick.net *.g-p-static.com *.g-t-static.com *.gcrmtos.com *.goin.cloud *.goofy-cdn.com *.goofy.app *.googleapis.com *.googletagmanager.com *.gstatic.com *.ibytedtos.com *.ibyteimg.com *.isnssdk.com *.oecstatic.com *.omise.co *.paypal.com *.pipopay.com *.pipopayment.com *.pipopayment.us *.sgsnssdk.com *.slant.co *.tiktok-row.net *.tiktok.com *.tiktokcdn-eu.com *.tiktokcdn-us.com *.tiktokcdn.com *.tiktokstaticb.com *.tiktokv-eu.com *.tiktokv-us.com *.tiktokv.com *.tiktokw.eu *.tiktokw.us *.ttwstatic.com *.vimeo.com *.vodupload.com *.yhgfb-static.com s.yimg.com sf-starling.tiktok-cdns.com". Note that 'connect-src' was not explicitly set, so 'default-src' is used as a fallback. The action has been blocked. @ https://sf16-website-login.neutral.ttwstatic.com/obj/tiktok_web_login_static/tiktok_privacy_protection_framework/loader/1.0.0.951/index.js:3
[   11065ms] [LOG] [performance] lazyLoad react router component start 1766 @ https://lf-tt4b.tiktokcdn.com/obj/ttastatic-sg/business_center/bc-react/static/js/index.0b66464e.js:9
[   11065ms] [LOG] [performance] load react router component start 1766 @ https://lf-tt4b.tiktokcdn.com/obj/ttastatic-sg/business_center/bc-react/static/js/index.0b66464e.js:9
[   11195ms] [LOG] [performance] load react router component done 1897 @ https://lf-tt4b.tiktokcdn.com/obj/ttastatic-sg/business_center/bc-react/static/js/index.0b66464e.js:9
[   11195ms] [LOG] [performance] load api done 1897 @ https://lf-tt4b.tiktokcdn.com/obj/ttastatic-sg/business_center/bc-react/static/js/index.0b66464e.js:9
[   11196ms] [WARNING] no questionnaire match @ https://lf-tt4b.tiktokcdn.com/obj/ttastatic-sg/business_center/bc-main/static/js/async/197.47c28dcc.js:1
[   11196ms] [LOG] undefined @ https://lf-tt4b.tiktokcdn.com/obj/ttastatic-sg/business_center/bc-main/static/js/main.853dab19.js:1
