[     625ms] [LOG] 
%cStop! font-family:helvetica; font-size:20px; font-size:50px; font-weight:bold; color:red; -webkit-text-stroke:1px black; @ https://static.cdninstagram.com/rsrc.php/v4/y8/r/3h4YqOhE0YZ.js:245
[     626ms] [LOG] 
%cThis is a browser feature intended for developers. If someone told you to copy-paste something here to enable an Instagram feature or "hack" someone's account, it is a scam and will give them access to your Instagram account. font-family:helvetica; font-size:20px;  @ https://static.cdninstagram.com/rsrc.php/v4/y8/r/3h4YqOhE0YZ.js:245
[     626ms] [LOG] 
%cSee https://www.facebook.com/selfxss for more information. font-family:helvetica; font-size:20px;  @ https://static.cdninstagram.com/rsrc.php/v4/y8/r/3h4YqOhE0YZ.js:245
[     626ms] [LOG] 
%c  @ https://static.cdninstagram.com/rsrc.php/v4/y8/r/3h4YqOhE0YZ.js:245
[     673ms] [INFO] Banner not shown: beforeinstallpromptevent.preventDefault() called. The page must call beforeinstallpromptevent.prompt() to show the banner. @ https://www.instagram.com/davidandreisemenescu/:0
[    4050ms] [ERROR] Permissions policy violation: unload is not allowed in this document. @ https://static.xx.fbcdn.net/rsrc.php/v4/y8/r/3h4YqOhE0YZ.js:241
[    6645ms] [ERROR] Access to fetch at 'https://edge-chat.instagram.com/mqtt/pull?sid=2202999390732287&chunked=true' from origin 'https://www.instagram.com' has been blocked by CORS policy: The value of the 'Access-Control-Allow-Origin' header in the response must not be the wildcard '*' when the request's credentials mode is 'include'. @ https://www.instagram.com/davidandreisemenescu/:0
[    6645ms] [ERROR] Failed to load resource: net::ERR_FAILED @ https://edge-chat.instagram.com/mqtt/pull?sid=2202999390732287&chunked=true:0
[    6710ms] [ERROR] Access to fetch at 'https://edge-chat.instagram.com/mqtt/pull?sid=2860165695012863&chunked=true' from origin 'https://www.instagram.com' has been blocked by CORS policy: The value of the 'Access-Control-Allow-Origin' header in the response must not be the wildcard '*' when the request's credentials mode is 'include'. @ https://www.instagram.com/davidandreisemenescu/:0
[    6710ms] [ERROR] Failed to load resource: net::ERR_FAILED @ https://edge-chat.instagram.com/mqtt/pull?sid=2860165695012863&chunked=true:0
[    6835ms] [ERROR] Access to fetch at 'https://edge-chat.instagram.com/mqtt/pull?sid=7353628715122687&chunked=true' from origin 'https://www.instagram.com' has been blocked by CORS policy: The value of the 'Access-Control-Allow-Origin' header in the response must not be the wildcard '*' when the request's credentials mode is 'include'. @ https://www.instagram.com/davidandreisemenescu/:0
[    6835ms] [ERROR] Failed to load resource: net::ERR_FAILED @ https://edge-chat.instagram.com/mqtt/pull?sid=7353628715122687&chunked=true:0
[    9230ms] [ERROR] Access to fetch at 'https://edge-chat.instagram.com/mqtt/pull?sid=5107947669553151&chunked=true' from origin 'https://www.instagram.com' has been blocked by CORS policy: The value of the 'Access-Control-Allow-Origin' header in the response must not be the wildcard '*' when the request's credentials mode is 'include'. @ https://www.instagram.com/davidandreisemenescu/:0
[    9230ms] [ERROR] Failed to load resource: net::ERR_FAILED @ https://edge-chat.instagram.com/mqtt/pull?sid=5107947669553151&chunked=true:0
[   11816ms] [ERROR] Access to fetch at 'https://edge-chat.instagram.com/mqtt/pull?sid=1062217680158719&chunked=true' from origin 'https://www.instagram.com' has been blocked by CORS policy: The value of the 'Access-Control-Allow-Origin' header in the response must not be the wildcard '*' when the request's credentials mode is 'include'. @ https://www.instagram.com/davidandreisemenescu/:0
[   11816ms] [ERROR] Failed to load resource: net::ERR_FAILED @ https://edge-chat.instagram.com/mqtt/pull?sid=1062217680158719&chunked=true:0
[   15500ms] [ERROR] Access to fetch at 'https://edge-chat.instagram.com/mqtt/pull?sid=5622626588295167&chunked=true' from origin 'https://www.instagram.com' has been blocked by CORS policy: The value of the 'Access-Control-Allow-Origin' header in the response must not be the wildcard '*' when the request's credentials mode is 'include'. @ https://www.instagram.com/davidandreisemenescu/:0
[   15500ms] [ERROR] Failed to load resource: net::ERR_FAILED @ https://edge-chat.instagram.com/mqtt/pull?sid=5622626588295167&chunked=true:0
[   21725ms] [ERROR] Access to fetch at 'https://edge-chat.instagram.com/mqtt/pull?sid=7788663532421119&chunked=true' from origin 'https://www.instagram.com' has been blocked by CORS policy: The value of the 'Access-Control-Allow-Origin' header in the response must not be the wildcard '*' when the request's credentials mode is 'include'. @ https://www.instagram.com/davidandreisemenescu/:0
[   21725ms] [ERROR] Failed to load resource: net::ERR_FAILED @ https://edge-chat.instagram.com/mqtt/pull?sid=7788663532421119&chunked=true:0
[   40239ms] [ERROR] Access to fetch at 'https://edge-chat.instagram.com/mqtt/pull?sid=302294130229247&chunked=true' from origin 'https://www.instagram.com' has been blocked by CORS policy: The value of the 'Access-Control-Allow-Origin' header in the response must not be the wildcard '*' when the request's credentials mode is 'include'. @ https://www.instagram.com/:0
[   40239ms] [ERROR] Failed to load resource: net::ERR_FAILED @ https://edge-chat.instagram.com/mqtt/pull?sid=302294130229247&chunked=true:0
[   45979ms] [ERROR] Access to fetch at 'https://edge-chat.instagram.com/mqtt/pull?sid=1321612397772799&chunked=true' from origin 'https://www.instagram.com' has been blocked by CORS policy: The value of the 'Access-Control-Allow-Origin' header in the response must not be the wildcard '*' when the request's credentials mode is 'include'. @ https://www.instagram.com/davidandreisemenescu/:0
[   45979ms] [ERROR] Failed to load resource: net::ERR_FAILED @ https://edge-chat.instagram.com/mqtt/pull?sid=1321612397772799&chunked=true:0
