[    3071ms] [LOG] 
%cStai! font-family:helvetica; font-size:20px; font-size:50px; font-weight:bold; color:red; -webkit-text-stroke:1px black; @ https://static.xx.fbcdn.net/rsrc.php/v4i5IE4/yL/l/ro_RO-j/DyKhI9RxyQ1.js:6
[    3071ms] [LOG] 
%cAceasta este o funcţie de browser destinată dezvoltatorilor. Dacă cineva ţi-a spus să copiezi ceva aici pentru a activa o altă funcţie Facebook sau pentru a „sparge” contul cuiva, este o înşelătorie şi îi vei oferi acces la contul tău de Facebook. font-family:helvetica; font-size:20px;  @ https://static.xx.fbcdn.net/rsrc.php/v4i5IE4/yL/l/ro_RO-j/DyKhI9RxyQ1.js:6
[    3071ms] [LOG] 
%cPentru mai multe informaţii, vezi https://www.facebook.com/selfxss. font-family:helvetica; font-size:20px;  @ https://static.xx.fbcdn.net/rsrc.php/v4i5IE4/yL/l/ro_RO-j/DyKhI9RxyQ1.js:6
[    3071ms] [LOG] 
%c  @ https://static.xx.fbcdn.net/rsrc.php/v4i5IE4/yL/l/ro_RO-j/DyKhI9RxyQ1.js:6
[    5703ms] [ERROR] Loading the image 'https://worldcup26.world/login/opengraph-image?1c07efc11aa5be03' violates the following Content Security Policy directive: "img-src data: blob: 'self' *.facebook.com *.fbcdn.net *.fbsbx.com *.cdninstagram.com https://*.google-analytics.com *.whatsapp.net *.oculuscdn.com". The action has been blocked. @ https://adsmanager.facebook.com/adsmanager/manage/ads/edit/standalone?act=61071192&ads_manager_write_regions=true&nav_entry_point=lep_176&selected_ad_ids=6971048413400&nav_source=unknown:0
[    5703ms] [ERROR] Loading the image 'https://worldcup26.world/login/opengraph-image?1c07efc11aa5be03' violates the following Content Security Policy directive: "img-src data: blob: 'self' *.facebook.com *.fbcdn.net *.fbsbx.com *.cdninstagram.com https://*.google-analytics.com *.whatsapp.net *.oculuscdn.com". The action has been blocked. @ https://adsmanager.facebook.com/adsmanager/manage/ads/edit/standalone?act=61071192&ads_manager_write_regions=true&nav_entry_point=lep_176&selected_ad_ids=6971048413400&nav_source=unknown:0
[    5963ms] [ERROR] Loading the image 'https://worldcup26.world/login/opengraph-image?1c07efc11aa5be03' violates the following Content Security Policy directive: "img-src data: blob: 'self' *.facebook.com *.fbcdn.net *.fbsbx.com *.cdninstagram.com https://*.google-analytics.com *.whatsapp.net *.oculuscdn.com". The action has been blocked. @ https://adsmanager.facebook.com/adsmanager/manage/ads/edit/standalone?act=61071192&ads_manager_write_regions=true&nav_entry_point=lep_176&selected_ad_ids=6971048413400&nav_source=unknown:0
[    6215ms] [ERROR] Loading the image 'https://worldcup26.world/login/opengraph-image?1c07efc11aa5be03' violates the following Content Security Policy directive: "img-src data: blob: 'self' *.facebook.com *.fbcdn.net *.fbsbx.com *.cdninstagram.com https://*.google-analytics.com *.whatsapp.net *.oculuscdn.com". The action has been blocked. @ https://adsmanager.facebook.com/adsmanager/manage/ads/edit/standalone?act=61071192&ads_manager_write_regions=true&nav_entry_point=lep_176&selected_ad_ids=6971048413400&nav_source=unknown:0
[   11385ms] [WARNING] Blocked aria-hidden on an element because its descendant retained focus. The focus must not be hidden from assistive technology users. Avoid using aria-hidden on a focused element or its ancestor. Consider using the inert attribute instead, which will also prevent focus. For more details, see the aria-hidden section of the WAI-ARIA specification at https://w3c.github.io/aria/#aria-hidden.
Element with focus: <button._5f0v>
Ancestor with aria-hidden: <button._5f0v> @ https://adsmanager.facebook.com/adsmanager/manage/ads/edit/standalone?act=61071192&ads_manager_write_regions=true&nav_entry_point=lep_176&selected_ad_ids=6971048413400&nav_source=unknown:0
[   11599ms] [ERROR] Broken trigger flowlet chain! @ https://static.xx.fbcdn.net/rsrc.php/v4/yA/r/llpHPzBZ1ZW.js:280
[   16321ms] [LOG] 
%cStai! font-family:helvetica; font-size:20px; font-size:50px; font-weight:bold; color:red; -webkit-text-stroke:1px black; @ https://static.xx.fbcdn.net/rsrc.php/v4i5IE4/yL/l/ro_RO-j/DyKhI9RxyQ1.js:6
[   16321ms] [LOG] 
%cAceasta este o funcţie de browser destinată dezvoltatorilor. Dacă cineva ţi-a spus să copiezi ceva aici pentru a activa o altă funcţie Facebook sau pentru a „sparge” contul cuiva, este o înşelătorie şi îi vei oferi acces la contul tău de Facebook. font-family:helvetica; font-size:20px;  @ https://static.xx.fbcdn.net/rsrc.php/v4i5IE4/yL/l/ro_RO-j/DyKhI9RxyQ1.js:6
[   16321ms] [LOG] 
%cPentru mai multe informaţii, vezi https://www.facebook.com/selfxss. font-family:helvetica; font-size:20px;  @ https://static.xx.fbcdn.net/rsrc.php/v4i5IE4/yL/l/ro_RO-j/DyKhI9RxyQ1.js:6
[   16321ms] [LOG] 
%c  @ https://static.xx.fbcdn.net/rsrc.php/v4i5IE4/yL/l/ro_RO-j/DyKhI9RxyQ1.js:6
[   19518ms] [ERROR] Loading the image 'https://worldcup26.world/login/opengraph-image?1c07efc11aa5be03' violates the following Content Security Policy directive: "img-src data: blob: 'self' *.facebook.com *.fbcdn.net *.fbsbx.com *.cdninstagram.com https://*.google-analytics.com *.whatsapp.net *.oculuscdn.com". The action has been blocked. @ https://adsmanager.facebook.com/adsmanager/manage/ads/edit/standalone?act=61071192&ads_manager_write_regions=true&nav_entry_point=lep_176&selected_ad_ids=6971048413400&nav_source=unknown:0
[   19518ms] [ERROR] Loading the image 'https://worldcup26.world/login/opengraph-image?1c07efc11aa5be03' violates the following Content Security Policy directive: "img-src data: blob: 'self' *.facebook.com *.fbcdn.net *.fbsbx.com *.cdninstagram.com https://*.google-analytics.com *.whatsapp.net *.oculuscdn.com". The action has been blocked. @ https://adsmanager.facebook.com/adsmanager/manage/ads/edit/standalone?act=61071192&ads_manager_write_regions=true&nav_entry_point=lep_176&selected_ad_ids=6971048413400&nav_source=unknown:0
[   19773ms] [ERROR] Loading the image 'https://worldcup26.world/login/opengraph-image?1c07efc11aa5be03' violates the following Content Security Policy directive: "img-src data: blob: 'self' *.facebook.com *.fbcdn.net *.fbsbx.com *.cdninstagram.com https://*.google-analytics.com *.whatsapp.net *.oculuscdn.com". The action has been blocked. @ https://adsmanager.facebook.com/adsmanager/manage/ads/edit/standalone?act=61071192&ads_manager_write_regions=true&nav_entry_point=lep_176&selected_ad_ids=6971048413400&nav_source=unknown:0
[   20024ms] [ERROR] Loading the image 'https://worldcup26.world/login/opengraph-image?1c07efc11aa5be03' violates the following Content Security Policy directive: "img-src data: blob: 'self' *.facebook.com *.fbcdn.net *.fbsbx.com *.cdninstagram.com https://*.google-analytics.com *.whatsapp.net *.oculuscdn.com". The action has been blocked. @ https://adsmanager.facebook.com/adsmanager/manage/ads/edit/standalone?act=61071192&ads_manager_write_regions=true&nav_entry_point=lep_176&selected_ad_ids=6971048413400&nav_source=unknown:0
[   26056ms] [WARNING] Blocked aria-hidden on an element because its descendant retained focus. The focus must not be hidden from assistive technology users. Avoid using aria-hidden on a focused element or its ancestor. Consider using the inert attribute instead, which will also prevent focus. For more details, see the aria-hidden section of the WAI-ARIA specification at https://w3c.github.io/aria/#aria-hidden.
Element with focus: <button._5f0v>
Ancestor with aria-hidden: <button._5f0v> @ https://adsmanager.facebook.com/adsmanager/manage/ads/edit/standalone?act=61071192&ads_manager_write_regions=true&nav_entry_point=lep_176&selected_ad_ids=6971048413400&nav_source=unknown:0
[   26347ms] [ERROR] Broken trigger flowlet chain! @ https://static.xx.fbcdn.net/rsrc.php/v4/yA/r/llpHPzBZ1ZW.js:280
[   30498ms] [LOG] 
%cStai! font-family:helvetica; font-size:20px; font-size:50px; font-weight:bold; color:red; -webkit-text-stroke:1px black; @ https://static.xx.fbcdn.net/rsrc.php/v4i5IE4/yL/l/ro_RO-j/DyKhI9RxyQ1.js:6
[   30498ms] [LOG] 
%cAceasta este o funcţie de browser destinată dezvoltatorilor. Dacă cineva ţi-a spus să copiezi ceva aici pentru a activa o altă funcţie Facebook sau pentru a „sparge” contul cuiva, este o înşelătorie şi îi vei oferi acces la contul tău de Facebook. font-family:helvetica; font-size:20px;  @ https://static.xx.fbcdn.net/rsrc.php/v4i5IE4/yL/l/ro_RO-j/DyKhI9RxyQ1.js:6
[   30498ms] [LOG] 
%cPentru mai multe informaţii, vezi https://www.facebook.com/selfxss. font-family:helvetica; font-size:20px;  @ https://static.xx.fbcdn.net/rsrc.php/v4i5IE4/yL/l/ro_RO-j/DyKhI9RxyQ1.js:6
[   30498ms] [LOG] 
%c  @ https://static.xx.fbcdn.net/rsrc.php/v4i5IE4/yL/l/ro_RO-j/DyKhI9RxyQ1.js:6
[   31560ms] [ERROR] [GraphAPICore] AdsInstagramUsernameDataManager | get:object:instagram_object | (100.33) Unsupported get request. Object with ID '17841478896968069' does not exist, cannot be loaded due to missing permissions, or does not support this operation. Please read the Graph API documentation at https://developers.facebook.com/docs/graph-api | URI: /v22.0/17841478896968069 | fbtrace: EYwlOpa4chd | wwwRequestID: AzG7OYEEuvVHfWrw7xVw3p7 | opes_mids: b39b09b1bdb1e7a7f98b3470549aae5b @ https://static.xx.fbcdn.net/rsrc.php/v4iibW4/yg/l/ro_RO-j/ncqxhdXqQlI.js:205
[   36374ms] [WARNING] Blocked aria-hidden on an element because its descendant retained focus. The focus must not be hidden from assistive technology users. Avoid using aria-hidden on a focused element or its ancestor. Consider using the inert attribute instead, which will also prevent focus. For more details, see the aria-hidden section of the WAI-ARIA specification at https://w3c.github.io/aria/#aria-hidden.
Element with focus: <button._5f0v>
Ancestor with aria-hidden: <button._5f0v> @ https://adsmanager.facebook.com/adsmanager/manage/ads/edit/standalone?act=61071192&ads_manager_write_regions=true&nav_entry_point=lep_176&selected_ad_ids=6970998047200&nav_source=unknown:0
[   36603ms] [ERROR] Broken trigger flowlet chain! @ https://static.xx.fbcdn.net/rsrc.php/v4/yA/r/llpHPzBZ1ZW.js:280
[   40439ms] [LOG] 
%cStai! font-family:helvetica; font-size:20px; font-size:50px; font-weight:bold; color:red; -webkit-text-stroke:1px black; @ https://static.xx.fbcdn.net/rsrc.php/v4i5IE4/yL/l/ro_RO-j/DyKhI9RxyQ1.js:6
[   40440ms] [LOG] 
%cAceasta este o funcţie de browser destinată dezvoltatorilor. Dacă cineva ţi-a spus să copiezi ceva aici pentru a activa o altă funcţie Facebook sau pentru a „sparge” contul cuiva, este o înşelătorie şi îi vei oferi acces la contul tău de Facebook. font-family:helvetica; font-size:20px;  @ https://static.xx.fbcdn.net/rsrc.php/v4i5IE4/yL/l/ro_RO-j/DyKhI9RxyQ1.js:6
[   40440ms] [LOG] 
%cPentru mai multe informaţii, vezi https://www.facebook.com/selfxss. font-family:helvetica; font-size:20px;  @ https://static.xx.fbcdn.net/rsrc.php/v4i5IE4/yL/l/ro_RO-j/DyKhI9RxyQ1.js:6
[   40440ms] [LOG] 
%c  @ https://static.xx.fbcdn.net/rsrc.php/v4i5IE4/yL/l/ro_RO-j/DyKhI9RxyQ1.js:6
[   42897ms] [ERROR] ErrorUtils caught an error:

Triggered an unintended ad object spec mutation! Action: ADS_ADGROUP_EDITOR_SET_NAME, browser event type: undefined

Subsequent non-fatal errors won't be logged; see https://fburl.com/debugjs. {blameModule: adsUEditorAdgroupNameSectionSelectors, column: 17870, clientTime: 1780835837, extra: Object, guardList: Array(3)} @ https://static.xx.fbcdn.net/rsrc.php/v4/yA/r/llpHPzBZ1ZW.js:79
[   43854ms] [ERROR] Loading the image 'https://worldcup26.world/login/opengraph-image?1c07efc11aa5be03' violates the following Content Security Policy directive: "img-src data: blob: 'self' *.facebook.com *.fbcdn.net *.fbsbx.com *.cdninstagram.com https://*.google-analytics.com *.whatsapp.net *.oculuscdn.com". The action has been blocked. @ https://adsmanager.facebook.com/adsmanager/manage/ads/edit/standalone?act=61071192&ads_manager_write_regions=true&nav_entry_point=lep_176&selected_ad_ids=6971048413400&nav_source=unknown:0
[   43854ms] [ERROR] Loading the image 'https://worldcup26.world/login/opengraph-image?1c07efc11aa5be03' violates the following Content Security Policy directive: "img-src data: blob: 'self' *.facebook.com *.fbcdn.net *.fbsbx.com *.cdninstagram.com https://*.google-analytics.com *.whatsapp.net *.oculuscdn.com". The action has been blocked. @ https://adsmanager.facebook.com/adsmanager/manage/ads/edit/standalone?act=61071192&ads_manager_write_regions=true&nav_entry_point=lep_176&selected_ad_ids=6971048413400&nav_source=unknown:0
[   44109ms] [ERROR] Loading the image 'https://worldcup26.world/login/opengraph-image?1c07efc11aa5be03' violates the following Content Security Policy directive: "img-src data: blob: 'self' *.facebook.com *.fbcdn.net *.fbsbx.com *.cdninstagram.com https://*.google-analytics.com *.whatsapp.net *.oculuscdn.com". The action has been blocked. @ https://adsmanager.facebook.com/adsmanager/manage/ads/edit/standalone?act=61071192&ads_manager_write_regions=true&nav_entry_point=lep_176&selected_ad_ids=6971048413400&nav_source=unknown:0
[   44360ms] [ERROR] Loading the image 'https://worldcup26.world/login/opengraph-image?1c07efc11aa5be03' violates the following Content Security Policy directive: "img-src data: blob: 'self' *.facebook.com *.fbcdn.net *.fbsbx.com *.cdninstagram.com https://*.google-analytics.com *.whatsapp.net *.oculuscdn.com". The action has been blocked. @ https://adsmanager.facebook.com/adsmanager/manage/ads/edit/standalone?act=61071192&ads_manager_write_regions=true&nav_entry_point=lep_176&selected_ad_ids=6971048413400&nav_source=unknown:0
[   90484ms] [ERROR] [GraphAPICore] AdsUserSettingsDataManager | get:object:ads_user_settings | (100.33) Unsupported get request. Object with ID '61071192' does not exist, cannot be loaded due to missing permissions, or does not support this operation. Please read the Graph API documentation at https://developers.facebook.com/docs/graph-api | URI: /v22.0/61071192 | fbtrace: Ek4xS10EXup | wwwRequestID: A6pMBvPTScedxJsFEUSvObS | opes_mids: b39b09b1bdb1e7a7f98b3470549aae5b @ https://static.xx.fbcdn.net/rsrc.php/v4iibW4/yg/l/ro_RO-j/ncqxhdXqQlI.js:205
