[    2090ms] [LOG] 
%cStai! font-family:helvetica; font-size:20px; font-size:50px; font-weight:bold; color:red; -webkit-text-stroke:1px black; @ https://static.xx.fbcdn.net/rsrc.php/v4i5IE4/yL/l/ro_RO-j/DyKhI9RxyQ1.js:6
[    2090ms] [LOG] 
%cAceasta este o funcţie de browser destinată dezvoltatorilor. Dacă cineva ţi-a spus să copiezi ceva aici pentru a activa o altă funcţie Facebook sau pentru a „sparge” contul cuiva, este o înşelătorie şi îi vei oferi acces la contul tău de Facebook. font-family:helvetica; font-size:20px;  @ https://static.xx.fbcdn.net/rsrc.php/v4i5IE4/yL/l/ro_RO-j/DyKhI9RxyQ1.js:6
[    2090ms] [LOG] 
%cPentru mai multe informaţii, vezi https://www.facebook.com/selfxss. font-family:helvetica; font-size:20px;  @ https://static.xx.fbcdn.net/rsrc.php/v4i5IE4/yL/l/ro_RO-j/DyKhI9RxyQ1.js:6
[    2090ms] [LOG] 
%c  @ https://static.xx.fbcdn.net/rsrc.php/v4i5IE4/yL/l/ro_RO-j/DyKhI9RxyQ1.js:6
[   72532ms] [LOG] 
%cStai! font-family:helvetica; font-size:20px; font-size:50px; font-weight:bold; color:red; -webkit-text-stroke:1px black; @ https://static.xx.fbcdn.net/rsrc.php/v4i5IE4/yL/l/ro_RO-j/DyKhI9RxyQ1.js:6
[   72533ms] [LOG] 
%cAceasta este o funcţie de browser destinată dezvoltatorilor. Dacă cineva ţi-a spus să copiezi ceva aici pentru a activa o altă funcţie Facebook sau pentru a „sparge” contul cuiva, este o înşelătorie şi îi vei oferi acces la contul tău de Facebook. font-family:helvetica; font-size:20px;  @ https://static.xx.fbcdn.net/rsrc.php/v4i5IE4/yL/l/ro_RO-j/DyKhI9RxyQ1.js:6
[   72533ms] [LOG] 
%cPentru mai multe informaţii, vezi https://www.facebook.com/selfxss. font-family:helvetica; font-size:20px;  @ https://static.xx.fbcdn.net/rsrc.php/v4i5IE4/yL/l/ro_RO-j/DyKhI9RxyQ1.js:6
[   72533ms] [LOG] 
%c  @ https://static.xx.fbcdn.net/rsrc.php/v4i5IE4/yL/l/ro_RO-j/DyKhI9RxyQ1.js:6
[  125680ms] [LOG] 
%cStai! font-family:helvetica; font-size:20px; font-size:50px; font-weight:bold; color:red; -webkit-text-stroke:1px black; @ https://static.xx.fbcdn.net/rsrc.php/v4i5IE4/yL/l/ro_RO-j/DyKhI9RxyQ1.js:6
[  125680ms] [LOG] 
%cAceasta este o funcţie de browser destinată dezvoltatorilor. Dacă cineva ţi-a spus să copiezi ceva aici pentru a activa o altă funcţie Facebook sau pentru a „sparge” contul cuiva, este o înşelătorie şi îi vei oferi acces la contul tău de Facebook. font-family:helvetica; font-size:20px;  @ https://static.xx.fbcdn.net/rsrc.php/v4i5IE4/yL/l/ro_RO-j/DyKhI9RxyQ1.js:6
[  125680ms] [LOG] 
%cPentru mai multe informaţii, vezi https://www.facebook.com/selfxss. font-family:helvetica; font-size:20px;  @ https://static.xx.fbcdn.net/rsrc.php/v4i5IE4/yL/l/ro_RO-j/DyKhI9RxyQ1.js:6
[  125681ms] [LOG] 
%c  @ https://static.xx.fbcdn.net/rsrc.php/v4i5IE4/yL/l/ro_RO-j/DyKhI9RxyQ1.js:6
[  171332ms] [ERROR] Failed to load resource: the server responded with a status of 404 () @ https://adsmanager.facebook.com/images/assets_DO_NOT_HARDCODE/whatsapp_web_icons/ic-open-in-new.svg:0
