[     227ms] [INFO] %cDownload the React DevTools for a better development experience: https://react.dev/link/react-devtools font-weight:bold @ http://localhost:3001/_next/static/chunks/node_modules_next_dist_115brz8._.js:2477
[     239ms] [LOG] [HMR] connected @ http://localhost:3001/_next/static/chunks/node_modules_next_dist_115brz8._.js:2477
[     646ms] [LOG] [Fast Refresh] rebuilding @ http://localhost:3001/_next/static/chunks/node_modules_next_dist_115brz8._.js:2477
[     766ms] [LOG] [Fast Refresh] done in 221ms @ http://localhost:3001/_next/static/chunks/node_modules_next_dist_115brz8._.js:2477
[   43843ms] [LOG] [Fast Refresh] rebuilding @ http://localhost:3001/_next/static/chunks/node_modules_next_dist_115brz8._.js:2477
[   43921ms] [LOG] [Fast Refresh] done in 77ms @ http://localhost:3001/_next/static/chunks/node_modules_next_dist_115brz8._.js:2477
[   44042ms] [LOG] [Fast Refresh] rebuilding @ http://localhost:3001/_next/static/chunks/node_modules_next_dist_115brz8._.js:2477
[   44063ms] [LOG] [Fast Refresh] done in 75ms @ http://localhost:3001/_next/static/chunks/node_modules_next_dist_115brz8._.js:2477
[   44224ms] [LOG] [Fast Refresh] rebuilding @ http://localhost:3001/_next/static/chunks/node_modules_next_dist_115brz8._.js:2477
[   44761ms] [LOG] [Fast Refresh] done in 636ms @ http://localhost:3001/_next/static/chunks/node_modules_next_dist_115brz8._.js:2477
[   44863ms] [LOG] [Fast Refresh] rebuilding @ http://localhost:3001/_next/static/chunks/node_modules_next_dist_115brz8._.js:2477
[   45283ms] [LOG] [Fast Refresh] done in 519ms @ http://localhost:3001/_next/static/chunks/node_modules_next_dist_115brz8._.js:2477
[   45296ms] [LOG] [Fast Refresh] rebuilding @ http://localhost:3001/_next/static/chunks/node_modules_next_dist_115brz8._.js:2477
[   48220ms] [LOG] [Fast Refresh] done in 12ms @ http://localhost:3001/_next/static/chunks/node_modules_next_dist_115brz8._.js:2477
[   48327ms] [LOG] [Fast Refresh] rebuilding @ http://localhost:3001/_next/static/chunks/node_modules_next_dist_115brz8._.js:2477
[   51805ms] [LOG] [Fast Refresh] done in 3578ms @ http://localhost:3001/_next/static/chunks/node_modules_next_dist_115brz8._.js:2477
[   59754ms] [LOG] [Fast Refresh] rebuilding @ http://localhost:3001/_next/static/chunks/node_modules_next_dist_115brz8._.js:2477
[   59950ms] [LOG] [Fast Refresh] done in 205ms @ http://localhost:3001/_next/static/chunks/node_modules_next_dist_115brz8._.js:2477
[   59954ms] [LOG] [Fast Refresh] rebuilding @ http://localhost:3001/_next/static/chunks/node_modules_next_dist_115brz8._.js:2477
[   59958ms] [LOG] [Fast Refresh] done in 3ms @ http://localhost:3001/_next/static/chunks/node_modules_next_dist_115brz8._.js:2477
[   59960ms] [LOG] [Fast Refresh] rebuilding @ http://localhost:3001/_next/static/chunks/node_modules_next_dist_115brz8._.js:2477
[   60260ms] [LOG] [Fast Refresh] done in 45ms @ http://localhost:3001/_next/static/chunks/node_modules_next_dist_115brz8._.js:2477
[   60408ms] [LOG] [Fast Refresh] rebuilding @ http://localhost:3001/_next/static/chunks/node_modules_next_dist_115brz8._.js:2477
[   62484ms] [LOG] [Fast Refresh] done in 2177ms @ http://localhost:3001/_next/static/chunks/node_modules_next_dist_115brz8._.js:2477
[   62595ms] [LOG] [Fast Refresh] rebuilding @ http://localhost:3001/_next/static/chunks/node_modules_next_dist_115brz8._.js:2477
[   66819ms] [LOG] [Fast Refresh] done in 4324ms @ http://localhost:3001/_next/static/chunks/node_modules_next_dist_115brz8._.js:2477
[   66923ms] [LOG] [Fast Refresh] rebuilding @ http://localhost:3001/_next/static/chunks/node_modules_next_dist_115brz8._.js:2477
[   67561ms] [LOG] [Fast Refresh] done in 739ms @ http://localhost:3001/_next/static/chunks/node_modules_next_dist_115brz8._.js:2477
[  230451ms] [LOG] [Fast Refresh] rebuilding @ http://localhost:3001/_next/static/chunks/node_modules_next_dist_115brz8._.js:2477
[  230720ms] [LOG] [Fast Refresh] done in 52ms @ http://localhost:3001/_next/static/chunks/node_modules_next_dist_115brz8._.js:2477
[  425122ms] [LOG] [Fast Refresh] rebuilding @ http://localhost:3001/_next/static/chunks/node_modules_next_dist_115brz8._.js:2477
[  425141ms] [LOG] [Fast Refresh] done in 47ms @ http://localhost:3001/_next/static/chunks/node_modules_next_dist_115brz8._.js:2477
[  587082ms] [LOG] [Fast Refresh] rebuilding @ http://localhost:3001/_next/static/chunks/node_modules_next_dist_115brz8._.js:2477
[  587171ms] [LOG] [Fast Refresh] done in 108ms @ http://localhost:3001/_next/static/chunks/node_modules_next_dist_115brz8._.js:2477
[  864178ms] [LOG] [Fast Refresh] rebuilding @ http://localhost:3001/_next/static/chunks/node_modules_next_dist_115brz8._.js:2477
[  864185ms] [LOG] [Fast Refresh] done in 108ms @ http://localhost:3001/_next/static/chunks/node_modules_next_dist_115brz8._.js:2477
[  865127ms] [LOG] [Fast Refresh] rebuilding @ http://localhost:3001/_next/static/chunks/node_modules_next_dist_115brz8._.js:2477
[  865201ms] [LOG] [Fast Refresh] done in 175ms @ http://localhost:3001/_next/static/chunks/node_modules_next_dist_115brz8._.js:2477
[  867708ms] [LOG] [Fast Refresh] rebuilding @ http://localhost:3001/_next/static/chunks/node_modules_next_dist_115brz8._.js:2477
[  868164ms] [LOG] [Fast Refresh] done in 557ms @ http://localhost:3001/_next/static/chunks/node_modules_next_dist_115brz8._.js:2477
[  931685ms] [LOG] [Fast Refresh] rebuilding @ http://localhost:3001/_next/static/chunks/node_modules_next_dist_115brz8._.js:2477
[  931775ms] [LOG] [Fast Refresh] done in 90ms @ http://localhost:3001/_next/static/chunks/node_modules_next_dist_115brz8._.js:2477
[ 1136973ms] [LOG] [Fast Refresh] rebuilding @ http://localhost:3001/_next/static/chunks/node_modules_next_dist_115brz8._.js:2477
[ 1137538ms] [LOG] [Fast Refresh] done in 667ms @ http://localhost:3001/_next/static/chunks/node_modules_next_dist_115brz8._.js:2477
[ 1137886ms] [LOG] [Fast Refresh] rebuilding @ http://localhost:3001/_next/static/chunks/node_modules_next_dist_115brz8._.js:2477
[ 1138006ms] [LOG] [Fast Refresh] done in 222ms @ http://localhost:3001/_next/static/chunks/node_modules_next_dist_115brz8._.js:2477
[ 1138582ms] [LOG] [Fast Refresh] rebuilding @ http://localhost:3001/_next/static/chunks/node_modules_next_dist_115brz8._.js:2477
[ 1138686ms] [LOG] [Fast Refresh] done in 206ms @ http://localhost:3001/_next/static/chunks/node_modules_next_dist_115brz8._.js:2477
[ 1138918ms] [LOG] [Fast Refresh] rebuilding @ http://localhost:3001/_next/static/chunks/node_modules_next_dist_115brz8._.js:2477
[ 1139006ms] [LOG] [Fast Refresh] done in 189ms @ http://localhost:3001/_next/static/chunks/node_modules_next_dist_115brz8._.js:2477
[ 1139115ms] [LOG] [Fast Refresh] rebuilding @ http://localhost:3001/_next/static/chunks/node_modules_next_dist_115brz8._.js:2477
[ 1139268ms] [LOG] [Fast Refresh] done in 253ms @ http://localhost:3001/_next/static/chunks/node_modules_next_dist_115brz8._.js:2477
[ 1167198ms] [LOG] [Fast Refresh] rebuilding @ http://localhost:3001/_next/static/chunks/node_modules_next_dist_115brz8._.js:2477
[ 1167293ms] [LOG] [Fast Refresh] done in 197ms @ http://localhost:3001/_next/static/chunks/node_modules_next_dist_115brz8._.js:2477
[ 1169634ms] [LOG] [Fast Refresh] rebuilding @ http://localhost:3001/_next/static/chunks/node_modules_next_dist_115brz8._.js:2477
[ 1169777ms] [LOG] [Fast Refresh] done in 244ms @ http://localhost:3001/_next/static/chunks/node_modules_next_dist_115brz8._.js:2477
[ 1170080ms] [LOG] [Fast Refresh] rebuilding @ http://localhost:3001/_next/static/chunks/node_modules_next_dist_115brz8._.js:2477
[ 1170125ms] [LOG] [Fast Refresh] done in 146ms @ http://localhost:3001/_next/static/chunks/node_modules_next_dist_115brz8._.js:2477
[ 1170696ms] [LOG] [Fast Refresh] rebuilding @ http://localhost:3001/_next/static/chunks/node_modules_next_dist_115brz8._.js:2477
[ 1170774ms] [LOG] [Fast Refresh] done in 179ms @ http://localhost:3001/_next/static/chunks/node_modules_next_dist_115brz8._.js:2477
[ 1171027ms] [LOG] [Fast Refresh] rebuilding @ http://localhost:3001/_next/static/chunks/node_modules_next_dist_115brz8._.js:2477
[ 1171033ms] [LOG] [Fast Refresh] done in 108ms @ http://localhost:3001/_next/static/chunks/node_modules_next_dist_115brz8._.js:2477
[ 1171514ms] [LOG] [Fast Refresh] rebuilding @ http://localhost:3001/_next/static/chunks/node_modules_next_dist_115brz8._.js:2477
[ 1171525ms] [LOG] [Fast Refresh] done in 112ms @ http://localhost:3001/_next/static/chunks/node_modules_next_dist_115brz8._.js:2477
[ 1172575ms] [LOG] [Fast Refresh] rebuilding @ http://localhost:3001/_next/static/chunks/node_modules_next_dist_115brz8._.js:2477
[ 1172578ms] [LOG] [Fast Refresh] done in 104ms @ http://localhost:3001/_next/static/chunks/node_modules_next_dist_115brz8._.js:2477
[ 4273580ms] [LOG] [Fast Refresh] rebuilding @ http://localhost:3001/_next/static/chunks/node_modules_next_dist_115brz8._.js:2477
[ 4273715ms] [LOG] [Fast Refresh] done in 140ms @ http://localhost:3001/_next/static/chunks/node_modules_next_dist_115brz8._.js:2477
[ 4290079ms] [LOG] [Fast Refresh] rebuilding @ http://localhost:3001/_next/static/chunks/node_modules_next_dist_115brz8._.js:2477
[ 4290107ms] [LOG] [Fast Refresh] done in 128ms @ http://localhost:3001/_next/static/chunks/node_modules_next_dist_115brz8._.js:2477
[ 4290207ms] [LOG] [Fast Refresh] rebuilding @ http://localhost:3001/_next/static/chunks/node_modules_next_dist_115brz8._.js:2477
[ 4290247ms] [LOG] [Fast Refresh] done in 124ms @ http://localhost:3001/_next/static/chunks/node_modules_next_dist_115brz8._.js:2477
[ 4290507ms] [LOG] [Fast Refresh] rebuilding @ http://localhost:3001/_next/static/chunks/node_modules_next_dist_115brz8._.js:2477
[ 4290581ms] [LOG] [Fast Refresh] done in 175ms @ http://localhost:3001/_next/static/chunks/node_modules_next_dist_115brz8._.js:2477
[ 4290893ms] [LOG] [Fast Refresh] rebuilding @ http://localhost:3001/_next/static/chunks/node_modules_next_dist_115brz8._.js:2477
[ 4291815ms] [LOG] [Fast Refresh] done in 1023ms @ http://localhost:3001/_next/static/chunks/node_modules_next_dist_115brz8._.js:2477
[ 4291970ms] [LOG] [Fast Refresh] rebuilding @ http://localhost:3001/_next/static/chunks/node_modules_next_dist_115brz8._.js:2477
[ 4292896ms] [LOG] [Fast Refresh] done in 1027ms @ http://localhost:3001/_next/static/chunks/node_modules_next_dist_115brz8._.js:2477
[ 4293010ms] [LOG] [Fast Refresh] rebuilding @ http://localhost:3001/_next/static/chunks/node_modules_next_dist_115brz8._.js:2477
[ 4293403ms] [LOG] [Fast Refresh] done in 494ms @ http://localhost:3001/_next/static/chunks/node_modules_next_dist_115brz8._.js:2477
[ 4301634ms] [LOG] [Fast Refresh] rebuilding @ http://localhost:3001/_next/static/chunks/node_modules_next_dist_115brz8._.js:2477
[ 4301691ms] [LOG] [Fast Refresh] done in 70ms @ http://localhost:3001/_next/static/chunks/node_modules_next_dist_115brz8._.js:2477
[ 4301706ms] [LOG] [Fast Refresh] rebuilding @ http://localhost:3001/_next/static/chunks/node_modules_next_dist_115brz8._.js:2477
[ 4301734ms] [LOG] [Fast Refresh] done in 15ms @ http://localhost:3001/_next/static/chunks/node_modules_next_dist_115brz8._.js:2477
[ 4301930ms] [LOG] [Fast Refresh] rebuilding @ http://localhost:3001/_next/static/chunks/node_modules_next_dist_115brz8._.js:2477
[ 4303049ms] [LOG] [Fast Refresh] done in 1218ms @ http://localhost:3001/_next/static/chunks/node_modules_next_dist_115brz8._.js:2477
[ 4303153ms] [LOG] [Fast Refresh] rebuilding @ http://localhost:3001/_next/static/chunks/node_modules_next_dist_115brz8._.js:2477
[ 4304146ms] [LOG] [Fast Refresh] done in 1092ms @ http://localhost:3001/_next/static/chunks/node_modules_next_dist_115brz8._.js:2477
[ 4304251ms] [LOG] [Fast Refresh] rebuilding @ http://localhost:3001/_next/static/chunks/node_modules_next_dist_115brz8._.js:2477
[ 4304610ms] [LOG] [Fast Refresh] done in 460ms @ http://localhost:3001/_next/static/chunks/node_modules_next_dist_115brz8._.js:2477
[ 5846157ms] [LOG] [Fast Refresh] rebuilding @ http://localhost:3001/_next/static/chunks/node_modules_next_dist_115brz8._.js:2477
[ 5846736ms] [LOG] [Fast Refresh] done in 723ms @ http://localhost:3001/_next/static/chunks/node_modules_next_dist_115brz8._.js:2477
[ 5853728ms] [LOG] [Fast Refresh] rebuilding @ http://localhost:3001/_next/static/chunks/node_modules_next_dist_115brz8._.js:2477
[ 5853822ms] [LOG] [Fast Refresh] done in 195ms @ http://localhost:3001/_next/static/chunks/node_modules_next_dist_115brz8._.js:2477
[ 5974055ms] [LOG] [Fast Refresh] rebuilding @ http://localhost:3001/_next/static/chunks/node_modules_next_dist_115brz8._.js:2477
[ 5974299ms] [LOG] [Fast Refresh] done in 243ms @ http://localhost:3001/_next/static/chunks/node_modules_next_dist_115brz8._.js:2477
[ 6979016ms] [LOG] [Fast Refresh] rebuilding @ http://localhost:3001/_next/static/chunks/node_modules_next_dist_115brz8._.js:2477
[ 6979059ms] [LOG] [Fast Refresh] done in 143ms @ http://localhost:3001/_next/static/chunks/node_modules_next_dist_115brz8._.js:2477
[ 7003386ms] [LOG] [Fast Refresh] rebuilding @ http://localhost:3001/_next/static/chunks/node_modules_next_dist_115brz8._.js:2477
[ 7003687ms] [LOG] [Fast Refresh] done in 139ms @ http://localhost:3001/_next/static/chunks/node_modules_next_dist_115brz8._.js:2477
[ 7685996ms] [LOG] [Fast Refresh] rebuilding @ http://localhost:3001/_next/static/chunks/node_modules_next_dist_115brz8._.js:2477
[ 7686030ms] [LOG] [Fast Refresh] done in 136ms @ http://localhost:3001/_next/static/chunks/node_modules_next_dist_115brz8._.js:2477
