[     215ms] [VERBOSE] [DOM] Input elements should have autocomplete attributes (suggested: "current-password"): (More info: https://goo.gl/9p2vKq) %o @ https://www.facebook.com/login/?next=https%3A%2F%2Fbusiness.facebook.com%2Fbusiness%2Funifiedfblogin%2Fcallback%2F%3Fnext%3Dhttps%253A%252F%252Fbusiness.facebook.com%252Fadsmanager%252Fmanage%252Fads%252Fedit%252Fstandalone%253Fact%253D61071192%2526ads_manager_write_regions%253Dtrue%2526nav_entry_point%253Dlep_176%2526selected_ad_ids%253D6971048413400%2526nav_source%253Dunknown%2526biz_login_source%253Dbiz_unified_f3_fb_login_button%2526join_id%253Dd581f405-c145-4468-bb9a-f19c18402755%26f3_request_id%3Dbccihkkmnolcejllcljdgcnkgchpplecdklkgppf%26full_page_redirect%3D0&request_id=bccihkkmnolcejllcljdgcnkgchpplecdklkgppf:0
[     267ms] [LOG] 
%cStop! font-family:helvetica; font-size:20px; font-size:50px; font-weight:bold; color:red; -webkit-text-stroke:1px black; @ https://static.xx.fbcdn.net/rsrc.php/v4/yA/r/llpHPzBZ1ZW.js:245
[     267ms] [LOG] 
%cThis is a browser feature intended for developers. If someone told you to copy-paste something here to enable a Facebook feature or "hack" someone's account, it's a scam and will give them access to your Facebook account. font-family:helvetica; font-size:20px;  @ https://static.xx.fbcdn.net/rsrc.php/v4/yA/r/llpHPzBZ1ZW.js:245
[     267ms] [LOG] 
%cSee https://www.facebook.com/selfxss for more information. font-family:helvetica; font-size:20px;  @ https://static.xx.fbcdn.net/rsrc.php/v4/yA/r/llpHPzBZ1ZW.js:245
[     267ms] [LOG] 
%c  @ https://static.xx.fbcdn.net/rsrc.php/v4/yA/r/llpHPzBZ1ZW.js:245
[     947ms] [ERROR] ErrorUtils caught an error:

signal is aborted without reason [Caught in: Passkey authentication failed]

Subsequent non-fatal errors won't be logged; see https://fburl.com/debugjs. {column: 2973, clientTime: 1780834622, extra: Object, guardList: Array(0), hash: nalay5} @ https://static.xx.fbcdn.net/rsrc.php/v4/yA/r/llpHPzBZ1ZW.js:79
[    7752ms] [VERBOSE] [DOM] Input elements should have autocomplete attributes (suggested: "current-password"): (More info: https://goo.gl/9p2vKq) %o @ https://www.facebook.com/login/?next=https%3A%2F%2Fbusiness.facebook.com%2Fbusiness%2Funifiedfblogin%2Fcallback%2F%3Fnext%3Dhttps%253A%252F%252Fbusiness.facebook.com%252Fadsmanager%252Fmanage%252Fads%252Fedit%252Fstandalone%253Fact%253D61071192%2526ads_manager_write_regions%253Dtrue%2526nav_entry_point%253Dlep_176%2526selected_ad_ids%253D6971048413400%2526nav_source%253Dunknown%2526biz_login_source%253Dbiz_unified_f3_fb_login_button%2526join_id%253Dd581f405-c145-4468-bb9a-f19c18402755%26f3_request_id%3Dbccihkkmnolcejllcljdgcnkgchpplecdklkgppf%26full_page_redirect%3D0&request_id=bccihkkmnolcejllcljdgcnkgchpplecdklkgppf:0
[   13796ms] [LOG] 
%cStai! font-family:helvetica; font-size:20px; font-size:50px; font-weight:bold; color:red; -webkit-text-stroke:1px black; @ https://static.xx.fbcdn.net/rsrc.php/v4/yA/r/llpHPzBZ1ZW.js:245
[   13796ms] [LOG] 
%cAceasta este o funcţie de browser destinată dezvoltatorilor. Dacă cineva ţi-a spus să copiezi ceva aici pentru a activa o altă funcţie Facebook sau pentru a „sparge” contul cuiva, este o înşelătorie şi îi vei oferi acces la contul tău de Facebook. font-family:helvetica; font-size:20px;  @ https://static.xx.fbcdn.net/rsrc.php/v4/yA/r/llpHPzBZ1ZW.js:245
[   13796ms] [LOG] 
%cPentru mai multe informaţii, vezi https://www.facebook.com/selfxss. font-family:helvetica; font-size:20px;  @ https://static.xx.fbcdn.net/rsrc.php/v4/yA/r/llpHPzBZ1ZW.js:245
[   13796ms] [LOG] 
%c  @ https://static.xx.fbcdn.net/rsrc.php/v4/yA/r/llpHPzBZ1ZW.js:245
[   13803ms] [ERROR] ErrorUtils caught an error:

terminate stream because StartStreamFailure with msg : UNAUTHENTICATED [Caught in: Subscription error in preprocessResponse]

Subsequent non-fatal errors won't be logged; see https://fburl.com/debugjs. {column: 180, clientTime: 1780834635, extra: Object, guardList: Array(0), hash: zuoh0o} @ https://static.xx.fbcdn.net/rsrc.php/v4/yA/r/llpHPzBZ1ZW.js:79
[   15662ms] [LOG] %c%s color: red; background: yellow; font-size: 24px; WARNING! @ https://www.gstatic.com/_/mss/boq-identity/_/js/k=boq-identity.AccountsSignInUi.en.dSMiQ19WqaA.es5.O/am=Ed8AAABgFP8IGQD8__03AAABBNEB37MATYCQAQAAAAAAAAAACwAA0Ag/d=1/excm=_b,_tp,accountchooserview/ed=1/dg=0/wt=2/ujg=1/rs=AOaEmlEUgpg13d_E1pD_2N7hZ23w_kUkaQ/dti=1/m=_b,_tp:546
[   15662ms] [LOG] %c%s font-size: 18px; Using this console may allow attackers to impersonate you and steal your information using an attack called Self-XSS.
Do not enter or paste code that you do not understand. @ https://www.gstatic.com/_/mss/boq-identity/_/js/k=boq-identity.AccountsSignInUi.en.dSMiQ19WqaA.es5.O/am=Ed8AAABgFP8IGQD8__03AAABBNEB37MATYCQAQAAAAAAAAAACwAA0Ag/d=1/excm=_b,_tp,accountchooserview/ed=1/dg=0/wt=2/ujg=1/rs=AOaEmlEUgpg13d_E1pD_2N7hZ23w_kUkaQ/dti=1/m=_b,_tp:546
[   20972ms] [WARNING] Blocked aria-hidden on an element because its descendant retained focus. The focus must not be hidden from assistive technology users. Avoid using aria-hidden on a focused element or its ancestor. Consider using the inert attribute instead, which will also prevent focus. For more details, see the aria-hidden section of the WAI-ARIA specification at https://w3c.github.io/aria/#aria-hidden.
Element with focus: <div.VfPpkd-qNpTzb-P1ekSe VfPpkd-qNpTzb-P1ekSe-OWXEXe-A9y3zc VfPpkd-qNpTzb-P1ekSe-OWXEXe-OiiCO-IhfUye>
Ancestor with aria-hidden: <div.wuMMWb> @ https://accounts.google.com/v3/signin/accountchooser?client_id=15057814354-80cg059cn49j6kmhhkjam4b00on1gb2n.apps.googleusercontent.com&prompt=select_account&redirect_uri=https%3A%2F%2Fwww.facebook.com%2Foauth2%2Fredirect%2F&response_type=code&scope=openid+email&state=AReqhB1DYyuY2D-CiJXNhDAG1a8a5huEmhwSgrRJCaL4dhMFSFrG-6MfBc7_r65nV4sBq4bSFiAoedOJI5L7mWiatVMTSCoh9xUM4QGv1_t9B03CIBpOmTRmVR_RZ32gLZo_xTPoIBwbMA8bPC-DKH72_Qox6jdjNOoKy19SlkRdLvQfM_AFGKY5prC_9ghFjBY7JAlwQkDm6t3nKo-q94LSSYEQfkhAC5qW7GHeXhWHhqdyBuvzsnamra9B2N1EGqjFeU9-87RxvzwyPQMsBaXaFlxLPKNvAkl8c35tJ-_9wLYxHfdAs9vIexpbjRcZHugdFnizDITK0_q4y0nunKTX8tfs1YKhTlZDlOJTeZDV9-3Me3WMMbv39r_C2Y5MKOk0bUXsuUuHdAMePXAZ6y0kpA6Zhc8FDahBOALTLAJXiFfw8HWNPFZfG06HeKN3S9TgUhTz0_dZbwrJclAIxjl_ycqiZmjMHZZd_AVRZXAx4dmdZnPScyKOCbYTWZhG_qEuQxZ8Yp4UNZYkWntOpfWLRjtECdeMm8Bk8TYeGU09-tvhqNKB06YUiEYEWcmA0U5gfxT7nO_RXuCH399td5anfiQCuoDMMrEwCZE4LpWMY664qIdkJaSZWbYT552t--5KlBQmY4b36HJNMtdN2KwirRPazYUl-wyPQjoFJYNQ_6UN8Qlp9gf-YO5IroMcwjuLR6dFvkyYy6kQyrmztkdfKnSD3H6s26-8dzsHHLaVzf4JmhT2CjrpiPduiuqYrY-n9ZvJ4Zde238Mpu9YY4YBRWiSFQkSP9yL3jBcg5afcrAmtUPLYKuUpeJU4etQY1Mwoe-SQRMcCrNLklK0WTTPvZmdpIq2jfJURK-Wp4LY8Qz4Tpr633c5kb4Z6ZptRlzbc1P3wMPYnLO81uRieSnoGe-VhPm43mOzWupMmghu8oAXdKxbo-qocaG1QWCa_hOXtwyvLRtkU8castSDdDBsSmgoNEFj7Pi6Xz3Mob12CbRDa6OKezYf4U8KgMu-iYbvdIsOdEjvDBwNzjePKVbD_fxQBfBXRwvzzUMwaj8A2v3OZ457Z6cQZN8y33QBiAvYRB0eUh86UJz1RSEIm4rAk_pvWHW0IhTwTx6wVFnTdlVRaDSxa7IOcrVr6QBw8JQfp3zcUqZX4kN1nminiryRgCrPXZcp6-gaxp6Vvb0VgByFO0QC3uLJKbIUgafD9w_oCp5QdLX3ClWRbEsFPeJVfnIkwltD5O4HkHUrzVl067htKt7_aG90taTvwf3kSpnutHBsQmYnxtHVwYIWeUgRCnqW8JyS--EnXipH4sFz26xmIPQV5nKN5Ut7Jy402myiQyAX4iqw8RB5sgqM5Tyatf4ycAKq7fdyNRcIzjCp8pn_FMgRlJRqZfsd7vom_NvH5E3xEUPy6VKCBsXDdl_eWD9Xx2vMtOgazigTRlUMAsfsiMt49JnH2HtIrYqf5oc8CRaZRIrl-6UokK_Pp_DHPy0SlxCO5C5X9w2AVmgF5CMwlt2dn2_ZH-JqDHK3lYx1Kk5BjNSzIrdGG1NgBqENuVBaqzO-4Dd2qYQc0fCNA-FDanrmEgiQj78iag5EKxFnMRCwOi5BO0Axz_zdlyfE1D4knrUDaUTjgSQSzpi7pq6OghCKxE4pgS26hwsDrBJADhZRi3AWxQ6lzkrWCvpE7hACsxfXXJ516fQUrMVRnfK5BNYGDIdMKySf4Lz0iYPwUyVipa-2cNswrkP4CEQ7UgA_Q81e5D922H5sqInxn-lvD-ftq-HqJkUGt7qQExM2HAelMfH4Jlysjb_qsKBgq0ZfRnzMK64gJCqDVqi-dF3RwyTqjlfzkKtUAsP2LB_89ndWTtQZDYbebJG0v1xKWZ5KbmfmpP69CKJZfjmrDK5o0d3N5HUuOGuRWfQhDESg3pUU5tBoPNWIChE1W8z4YIzQq6HbHNHrOEAlmR81IW-18QNra8UrpIF6H0SkpzVclf9aqOjtWJxRluZXugHFOY06MSZMGVOgcaqnd5QASHrmixWl-oLJzqEXzIVmOEsaRzSwdrcVbGnOZrakMZDXSH2fONuUenOp3ci9cI6f8MGaYwNCBwbOrysO56cg8ZPlX38hheyNoJmOmItbBsnyCbbzGSAdtZN5ac5X78ddqK6r_-cN-dgBxl7lj0MRgA0eV5DtUbtL-DKJpTnH308grU7BaPQ0nrTIotozUsvyqVWantsswCph83R2vrKK6ERvgy7Ioy1IUmXm2lDRz-3utzqznWkfYFOMwSA5RIvrugcI3sj38VbSJ0NMmbyWUKLxN2U6iDexspcMItTKNQNA3-F10GzaDO5b3ugU-o7AuT1NlfpbKCBRZz68EbGwscQuBAuHHOG6L9oudl_8x0klUrVqKdE_EzJyMy9T_SANfX1Eb9umgX12WjuMMHwFCvC42mb6jc1cMkQFyu3FVZ6XFPJAxYHSt5m99EHuTLYcxqHsSZO5xKVrL0CHAaTB3wAz8-4cvymmW8oSdLXI_nK9DAtrDkBwX2hWigbh3vTzYEk-N1I4dpn5DuhuE_wyY_zC3Sl-BVJtB9qxs7cxn_vAtvWftb0wLipHRblv4fTe2ZDuqX65rFQUhNXa2TTYl3uuTx3kDyqZiD4eXFgi-A4Pwqd8muphAdxmET1rYWGt-vCqPT_rdPQyml3b8UNanqDv7TZrukaN3CKDt3oCoqT1TUNThRMFHR78T6GHFETaLAhPqT_0jq-vTnMtX0VYCN69dc_uNf6Pp8B4ejtZSIDrqHchOqBZPX7IWd2FSXf6GTIwkrwkZ998Kl85maMwjlrE6ICqZQCjs3qSBTT-GB08iHgAUH5USjtVUDCvmJC8HYkkAmbtB4S_TRZ8DUvkUWaVArXJQz3Bl6tcJi4goQ0IQlE6ULPzoGewPsV4wkDwZL8Obj2sXMOsI87QpoAdi4CryNLBHPINbmVqAAZPT-DHlgkxp2azoFKm09sfkQLgaj4d-hc4zI0LFHWrCWF8UFQBwzcgr0udgQUBChFJwgaQo1_WGRkkWhUOOt5EZXr-ywFtImNOz6HkuEcoLxUwDjFXuqPRCfLzy9U_gySi6N8nQjttcHZD55ahZL6E4fM1Zw-70ly5hU04vC4R62xDjcyMo2GEVA1SEIh9ZFluliZ6L8_mbCA2Cx2GzlbGt6QuOlcLThKxvOsSqtfv4vGl3tKyDN-y-yNPmxrOsUcHyIohT3X53Dgq2fNZcedK9HuZNZwsYsbM6vSrn8cRcVQceAxnRt1qREQd_ICmCyEyLs7c65MKwk7uo4OPr9FPUATWjAnjqHWat7BF101a14aCvXXKI5bfdr7p2B_Vl4dtBHpY-F2hWrPvmSfju4DtGaPhMZK3dyvhU92ertVMNSSCukNG0X61RI5x26S20FVRbwg6ICy9Fs234tBQdSvQxu6huUjP4kWE0MXaS5GfNPvuyfOjpfOR2PN9hQI6qGoqnEnrlOcs6mu8lKVfgk2DiCWuddi2-c-AeYIQbgW_KuEAqyB2w2XiHyUGlwaAdHca4NMwwqwrCre7O-t1Il7GPAD0eMP9HUFKKI38C98qlM2teRWccv6duw8kJIMVnlvdLUjspAlGSyWgWYXtVVIp-MDaa2pKwNkQSXu4GiDTtv7PTl7-GBv4jtWMuJ6clc2azQXmoVQPhxXIc2mlP2SNvgiL-dTtDzuJ8394SQH-ORhV4Es-8CsFGpsEJD08R43Q1arveQfFsmvG4KcqHBKV-Zw1LtH-myqZ7Tgt1UFx1Nf8TBOlx_YIkduycfegHxwHO_DO4lH9WZoNw-kGSAP-YdUqKsJB1h9C8a3PXI1kUt9DiL-mguKS57JVF7V5PP-1vJ8Tg1-h6aouxrNic0IG1MgMPM-AhQ7pkvAaDqNfRHS_NW8v-Y0naG8RGF_vJLRKb5E7R2JwD-idbtH_lAadciXModIYx4-b1r9oajlZZDQVywkXkOsd4SWfWwSp9yGC89Jrw90iuJ46Gt2mHsT1HxSDJHChS8b7cEM5Bu2B2WknACbzgkmcWyEYWmHCZt_YoscHDkxHEJv53ifbv74SsMFsxLlIjDyeTWfU6n3A1Uqo9iiNmujqYxh81mZGLEyuRKaxIflIVA9Jb5FNeiGmEAJTIV88QLdY4PDyqiyTvrdFsAs&dsh=S-501156243%3A1780834637207213&o2v=1&service=lso&flowName=GeneralOAuthFlow&opparams=%253F&continue=https%3A%2F%2Faccounts.google.com%2Fsignin%2Foauth%2Fconsent%3Fauthuser%3Dunknown%26part%3DAJi8hAOYmbr7_9G64LcMJR3LB4PN5sor4AyG_cX63ndu3fIKAORVQqXrnYbL-_AXOac7spOOiZ0V1XHfmEdjOqKscZa6xo_WAb3k6o0LvjUnWzVGs94qzoBstnOQnL-EN9bOSxqLZUZsTtGBoEl69QiO11woQ9MQM8pY6pHqxMfFOmhKNuJbB6h8q-1fbNwBbBdtEObNT5oi-Odp4akGtLBhlQlvqDz7J9tvFzJyz2pdgCbqw3DPs37jJz6I59pgCGeX0K2nR2UO3X_UXAnRKGlzgfKWspAqTWhSLbPKVCS8RTJtjoDyY00f5FpwyVyzSqrNgvk8ro9-0VZJCe-m5cqYAAPEwLtDH9iPuzs3N-Hf1AHFVvqlihaEChPLsL5Qf9Uemtx4dAQegL4J7w1e77Ko-nN5440OKUKR-3XLnUvRm-LleqvF3-2FEkK5M4RPESjD8mHe39lq8O1y5y6tiPrWCUUaelnobA%26flowName%3DGeneralOAuthFlow%26as%3DS-501156243%253A1780834637207213%26client_id%3D15057814354-80cg059cn49j6kmhhkjam4b00on1gb2n.apps.googleusercontent.com%26requestPath%3D%252Fsignin%252Foauth%252Fconsent%23&app_domain=https%3A%2F%2Fwww.facebook.com:0
[   29317ms] [ERROR] ErrorUtils caught an error:

terminate stream because StartStreamFailure with msg : UNAUTHENTICATED [Caught in: Subscription error in preprocessResponse]

Subsequent non-fatal errors won't be logged; see https://fburl.com/debugjs. {column: 180, clientTime: 1780834651, extra: Object, guardList: Array(0), hash: tdhmsl} @ https://static.xx.fbcdn.net/rsrc.php/v4/yA/r/llpHPzBZ1ZW.js:79
[   29322ms] [LOG] 
%cStai! font-family:helvetica; font-size:20px; font-size:50px; font-weight:bold; color:red; -webkit-text-stroke:1px black; @ https://static.xx.fbcdn.net/rsrc.php/v4/yA/r/llpHPzBZ1ZW.js:245
[   29322ms] [LOG] 
%cAceasta este o funcţie de browser destinată dezvoltatorilor. Dacă cineva ţi-a spus să copiezi ceva aici pentru a activa o altă funcţie Facebook sau pentru a „sparge” contul cuiva, este o înşelătorie şi îi vei oferi acces la contul tău de Facebook. font-family:helvetica; font-size:20px;  @ https://static.xx.fbcdn.net/rsrc.php/v4/yA/r/llpHPzBZ1ZW.js:245
[   29322ms] [LOG] 
%cPentru mai multe informaţii, vezi https://www.facebook.com/selfxss. font-family:helvetica; font-size:20px;  @ https://static.xx.fbcdn.net/rsrc.php/v4/yA/r/llpHPzBZ1ZW.js:245
[   29322ms] [LOG] 
%c  @ https://static.xx.fbcdn.net/rsrc.php/v4/yA/r/llpHPzBZ1ZW.js:245
