[     708ms] [INFO] LegacyDataMixin will be applied to all legacy elements.
Set `_legacyUndefinedCheck: true` on element class to enable. @ https://www.youtube.com/s/_/ytmainappweb/_/js/k=ytmainappweb.kevlar_base.en_US.Qm7Wf_2Ctg0.es5.O/am=AAAAAAgACAAS/d=1/br=1/rs=AGKMywEDYFlHu1DeN-UbfMeXwJcWGClN-A/m=kevlar_base_module,kevlar_main_module,kevlar_base_sync_mod_chunk:9875
[    1870ms] [ERROR] Failed to load resource: the server responded with a status of 404 () @ https://i.ytimg.com/vi/Pjg2LxSrDMo/hqdefault.jpg?sqp=-oaymwEnCNACELwBSFryq4qpAxkIARUAAIhCGAHYAQHiAQoIGBACGAY4AUAB&rs=AOn4CLAU-qIpBDFb_vfSqTff1dMU-n3eyg:0
[    1909ms] [INFO] Banner not shown: beforeinstallpromptevent.preventDefault() called. The page must call beforeinstallpromptevent.prompt() to show the banner. @ https://www.youtube.com/channel/UCYfdidRxbB8Qhf0Nx7ioOYw:0
[    6702ms] [WARNING] The resource https://i.ytimg.com/generate_204 was preloaded using link preload but not used within a few seconds from the window's load event. Please make sure it has an appropriate `as` value and it is preloaded intentionally. @ https://www.youtube.com/channel/UCYfdidRxbB8Qhf0Nx7ioOYw:0
[   13464ms] [INFO] LegacyDataMixin will be applied to all legacy elements.
Set `_legacyUndefinedCheck: true` on element class to enable. @ https://www.youtube.com/s/_/ytmainappweb/_/js/k=ytmainappweb.kevlar_base.en_US.Qm7Wf_2Ctg0.es5.O/am=AAAAAAgACAAS/d=1/br=1/rs=AGKMywEDYFlHu1DeN-UbfMeXwJcWGClN-A/m=kevlar_base_module,kevlar_main_module,kevlar_base_sync_mod_chunk:9875
[   14121ms] [ERROR] Failed to load resource: the server responded with a status of 404 () @ https://i.ytimg.com/vi/Pjg2LxSrDMo/hqdefault.jpg?sqp=-oaymwEnCNACELwBSFryq4qpAxkIARUAAIhCGAHYAQHiAQoIGBACGAY4AUAB&rs=AOn4CLAU-qIpBDFb_vfSqTff1dMU-n3eyg:0
[   14184ms] [INFO] Banner not shown: beforeinstallpromptevent.preventDefault() called. The page must call beforeinstallpromptevent.prompt() to show the banner. @ https://www.youtube.com/channel/UCYfdidRxbB8Qhf0Nx7ioOYw/videos:0
[   19014ms] [WARNING] The resource https://i.ytimg.com/generate_204 was preloaded using link preload but not used within a few seconds from the window's load event. Please make sure it has an appropriate `as` value and it is preloaded intentionally. @ https://www.youtube.com/channel/UCYfdidRxbB8Qhf0Nx7ioOYw/videos:0
[   26721ms] [INFO] LegacyDataMixin will be applied to all legacy elements.
Set `_legacyUndefinedCheck: true` on element class to enable. @ https://www.youtube.com/s/_/ytmainappweb/_/js/k=ytmainappweb.kevlar_base.en_US.Qm7Wf_2Ctg0.es5.O/am=AAAAAAgACAAS/d=1/br=1/rs=AGKMywEDYFlHu1DeN-UbfMeXwJcWGClN-A/m=kevlar_base_module,kevlar_main_module,kevlar_base_sync_mod_chunk:9875
[   27409ms] [ERROR] Failed to load resource: the server responded with a status of 404 () @ https://i.ytimg.com/vi/Pjg2LxSrDMo/hqdefault.jpg?sqp=-oaymwEnCNACELwBSFryq4qpAxkIARUAAIhCGAHYAQHiAQoIGBACGAY4AUAB&rs=AOn4CLAU-qIpBDFb_vfSqTff1dMU-n3eyg:0
[   27593ms] [INFO] Banner not shown: beforeinstallpromptevent.preventDefault() called. The page must call beforeinstallpromptevent.prompt() to show the banner. @ https://www.youtube.com/channel/UCYfdidRxbB8Qhf0Nx7ioOYw/about:0
[   32381ms] [WARNING] The resource https://i.ytimg.com/generate_204 was preloaded using link preload but not used within a few seconds from the window's load event. Please make sure it has an appropriate `as` value and it is preloaded intentionally. @ https://www.youtube.com/channel/UCYfdidRxbB8Qhf0Nx7ioOYw/about:0
[   42629ms] [WARNING] The resource https://i.ytimg.com/generate_204 was preloaded using link preload but not used within a few seconds from the window's load event. Please make sure it has an appropriate `as` value and it is preloaded intentionally. @ https://www.youtube.com/channel/UCYfdidRxbB8Qhf0Nx7ioOYw/about:0
[   53134ms] [WARNING] The resource https://i.ytimg.com/generate_204 was preloaded using link preload but not used within a few seconds from the window's load event. Please make sure it has an appropriate `as` value and it is preloaded intentionally. @ https://www.youtube.com/channel/UCYfdidRxbB8Qhf0Nx7ioOYw/about:0
[   91128ms] [WARNING] The resource https://i.ytimg.com/generate_204 was preloaded using link preload but not used within a few seconds from the window's load event. Please make sure it has an appropriate `as` value and it is preloaded intentionally. @ https://www.youtube.com/channel/UCYfdidRxbB8Qhf0Nx7ioOYw/about:0
[  331000ms] [WARNING] The resource https://i.ytimg.com/generate_204 was preloaded using link preload but not used within a few seconds from the window's load event. Please make sure it has an appropriate `as` value and it is preloaded intentionally. @ https://www.youtube.com/channel/UCYfdidRxbB8Qhf0Nx7ioOYw/about:0
[  606569ms] [WARNING] The resource https://i.ytimg.com/generate_204 was preloaded using link preload but not used within a few seconds from the window's load event. Please make sure it has an appropriate `as` value and it is preloaded intentionally. @ https://www.youtube.com/channel/UCYfdidRxbB8Qhf0Nx7ioOYw/about:0
[  632148ms] [WARNING] The resource https://i.ytimg.com/generate_204 was preloaded using link preload but not used within a few seconds from the window's load event. Please make sure it has an appropriate `as` value and it is preloaded intentionally. @ https://www.youtube.com/channel/UCYfdidRxbB8Qhf0Nx7ioOYw/about:0
[  934322ms] [WARNING] The resource https://i.ytimg.com/generate_204 was preloaded using link preload but not used within a few seconds from the window's load event. Please make sure it has an appropriate `as` value and it is preloaded intentionally. @ https://www.youtube.com/channel/UCYfdidRxbB8Qhf0Nx7ioOYw/about:0
[ 1207378ms] [WARNING] The resource https://i.ytimg.com/generate_204 was preloaded using link preload but not used within a few seconds from the window's load event. Please make sure it has an appropriate `as` value and it is preloaded intentionally. @ https://www.youtube.com/channel/UCYfdidRxbB8Qhf0Nx7ioOYw/about:0
[ 1236957ms] [WARNING] The resource https://i.ytimg.com/generate_204 was preloaded using link preload but not used within a few seconds from the window's load event. Please make sure it has an appropriate `as` value and it is preloaded intentionally. @ https://www.youtube.com/channel/UCYfdidRxbB8Qhf0Nx7ioOYw/about:0
[ 1539259ms] [WARNING] The resource https://i.ytimg.com/generate_204 was preloaded using link preload but not used within a few seconds from the window's load event. Please make sure it has an appropriate `as` value and it is preloaded intentionally. @ https://www.youtube.com/channel/UCYfdidRxbB8Qhf0Nx7ioOYw/about:0
[ 1808292ms] [WARNING] The resource https://i.ytimg.com/generate_204 was preloaded using link preload but not used within a few seconds from the window's load event. Please make sure it has an appropriate `as` value and it is preloaded intentionally. @ https://www.youtube.com/channel/UCYfdidRxbB8Qhf0Nx7ioOYw/about:0
[ 1830003ms] [WARNING] The resource https://i.ytimg.com/generate_204 was preloaded using link preload but not used within a few seconds from the window's load event. Please make sure it has an appropriate `as` value and it is preloaded intentionally. @ https://www.youtube.com/channel/UCYfdidRxbB8Qhf0Nx7ioOYw/about:0
[ 1842254ms] [WARNING] The resource https://i.ytimg.com/generate_204 was preloaded using link preload but not used within a few seconds from the window's load event. Please make sure it has an appropriate `as` value and it is preloaded intentionally. @ https://www.youtube.com/channel/UCYfdidRxbB8Qhf0Nx7ioOYw/about:0
[ 1891055ms] [WARNING] The resource https://i.ytimg.com/generate_204 was preloaded using link preload but not used within a few seconds from the window's load event. Please make sure it has an appropriate `as` value and it is preloaded intentionally. @ https://www.youtube.com/channel/UCYfdidRxbB8Qhf0Nx7ioOYw/about:0
[ 2143809ms] [WARNING] The resource https://i.ytimg.com/generate_204 was preloaded using link preload but not used within a few seconds from the window's load event. Please make sure it has an appropriate `as` value and it is preloaded intentionally. @ https://www.youtube.com/channel/UCYfdidRxbB8Qhf0Nx7ioOYw/about:0
[ 2408803ms] [WARNING] The resource https://i.ytimg.com/generate_204 was preloaded using link preload but not used within a few seconds from the window's load event. Please make sure it has an appropriate `as` value and it is preloaded intentionally. @ https://www.youtube.com/channel/UCYfdidRxbB8Qhf0Nx7ioOYw/about:0
[ 2451463ms] [WARNING] The resource https://i.ytimg.com/generate_204 was preloaded using link preload but not used within a few seconds from the window's load event. Please make sure it has an appropriate `as` value and it is preloaded intentionally. @ https://www.youtube.com/channel/UCYfdidRxbB8Qhf0Nx7ioOYw/about:0
[ 2758034ms] [WARNING] The resource https://i.ytimg.com/generate_204 was preloaded using link preload but not used within a few seconds from the window's load event. Please make sure it has an appropriate `as` value and it is preloaded intentionally. @ https://www.youtube.com/channel/UCYfdidRxbB8Qhf0Nx7ioOYw/about:0
[ 3009272ms] [WARNING] The resource https://i.ytimg.com/generate_204 was preloaded using link preload but not used within a few seconds from the window's load event. Please make sure it has an appropriate `as` value and it is preloaded intentionally. @ https://www.youtube.com/channel/UCYfdidRxbB8Qhf0Nx7ioOYw/about:0
[ 3031074ms] [WARNING] The resource https://i.ytimg.com/generate_204 was preloaded using link preload but not used within a few seconds from the window's load event. Please make sure it has an appropriate `as` value and it is preloaded intentionally. @ https://www.youtube.com/channel/UCYfdidRxbB8Qhf0Nx7ioOYw/about:0
[ 3060956ms] [WARNING] The resource https://i.ytimg.com/generate_204 was preloaded using link preload but not used within a few seconds from the window's load event. Please make sure it has an appropriate `as` value and it is preloaded intentionally. @ https://www.youtube.com/channel/UCYfdidRxbB8Qhf0Nx7ioOYw/about:0
[ 3136278ms] [WARNING] The resource https://i.ytimg.com/generate_204 was preloaded using link preload but not used within a few seconds from the window's load event. Please make sure it has an appropriate `as` value and it is preloaded intentionally. @ https://www.youtube.com/channel/UCYfdidRxbB8Qhf0Nx7ioOYw/about:0
[ 3368128ms] [WARNING] The resource https://i.ytimg.com/generate_204 was preloaded using link preload but not used within a few seconds from the window's load event. Please make sure it has an appropriate `as` value and it is preloaded intentionally. @ https://www.youtube.com/channel/UCYfdidRxbB8Qhf0Nx7ioOYw/about:0
[ 3619754ms] [WARNING] The resource https://i.ytimg.com/generate_204 was preloaded using link preload but not used within a few seconds from the window's load event. Please make sure it has an appropriate `as` value and it is preloaded intentionally. @ https://www.youtube.com/channel/UCYfdidRxbB8Qhf0Nx7ioOYw/about:0
