[      58ms] [INFO] . @ https://sf16-website-login.neutral.ttwstatic.com/obj/tiktok_web_login_static/webmssdk/1.0.0.162/webmssdk.js:0
[     107ms] [LOG] ---preRun--- @ https://lf-tt4b.tiktokcdn.com/obj/ttastatic-sg/business_center/bc-main/pre-main-fetch.d60e67a8.js:0
[     107ms] [LOG] ---has load--- @ https://lf-tt4b.tiktokcdn.com/obj/ttastatic-sg/business_center/bc-main/pre-main-fetch.d60e67a8.js:0
[     119ms] [LOG] --IsBOE--- false @ https://lf-tt4b.tiktokcdn.com/obj/ttastatic-sg/business_center/bc-main/static/js/973.d41f7ace.js:1
[     119ms] [LOG] ----envConfig- {bcOrigin: https://business.tiktok.com, platformOrigin: https://ads.tiktok.com, pluginConfig: Object, ssoZone: SG, imgSrcPrefix: Object} @ https://lf-tt4b.tiktokcdn.com/obj/ttastatic-sg/business_center/bc-main/static/js/973.d41f7ace.js:1
[     128ms] [LOG] [Garfish] garfishApps [Object, Object, Object, Object, Object, Object, Object, Object, Object] @ https://lf-tt4b.tiktokcdn.com/obj/ttastatic-sg/business_center/bc-main/static/js/973.d41f7ace.js:1
[     128ms] [LOG] [performance] preloadSubApp start 529.4000000059605 @ https://lf-tt4b.tiktokcdn.com/obj/ttastatic-sg/business_center/bc-main/static/js/preloadSubApp.a3525bf5.js:1
[     128ms] [LOG] [Garfish preloadSubApp] vue @ https://lf-tt4b.tiktokcdn.com/obj/ttastatic-sg/business_center/bc-main/static/js/preloadSubApp.a3525bf5.js:1
[     157ms] [LOG] [performance] main entry @ https://lf-tt4b.tiktokcdn.com/obj/ttastatic-sg/business_center/bc-main/static/js/main.853dab19.js:1
[     201ms] [LOG] ---pre fetch--- @ https://lf-tt4b.tiktokcdn.com/obj/ttastatic-sg/business_center/bc-main/static/js/main.853dab19.js:1
[     205ms] [LOG] [Garfish] garfishApps vue checkMatchPath /select {path: /select, layout: WITH_HEADER} @ https://lf-tt4b.tiktokcdn.com/obj/ttastatic-sg/business_center/bc-main/static/js/973.d41f7ace.js:1
[     205ms] [LOG] [Garfish router beforeEach]: /select {fullPath: /, href: , path: /, query: Object, state: Object} {source: BC_home, attr_source: BC_home} {/manage/overview: /manage/overview, /manage/analytics/ad: /manage/analytics/overview, /manage/business-suite/analytics: /manage/business-suite/analytics/overview, /manage/business-suite: /manage/business-suite/content-management, /manage/material: /manage/material} undefined @ https://lf-tt4b.tiktokcdn.com/obj/ttastatic-sg/business_center/bc-main/static/js/main.853dab19.js:1
[     205ms] [LOG] [performance] App.tsx useEffect done 49 @ https://lf-tt4b.tiktokcdn.com/obj/ttastatic-sg/business_center/bc-main/static/js/main.853dab19.js:1
[     206ms] [LOG] [performance] mainAppLoadedBreakDown metrics {fetchStartToMainLoaded: 605.1999999880791, htmlFetchTime: 402.69999998807907, htmlToBeforeImportTime: 154.90000000596046, jsImportToLoad: 47.599999994039536} @ https://lf-tt4b.tiktokcdn.com/obj/ttastatic-sg/business_center/bc-main/static/js/973.d41f7ace.js:1
[     206ms] [LOG] [performance] beforeLoad done 50 @ https://lf-tt4b.tiktokcdn.com/obj/ttastatic-sg/business_center/bc-main/static/js/973.d41f7ace.js:1
[     206ms] [LOG] --- [Garfish] beforeLoad --- {basename: /select, asyncProviderTimeout: 2000, domGetter: #subApp, sandbox: Object, beforeEval: } @ https://lf-tt4b.tiktokcdn.com/obj/ttastatic-sg/business_center/bc-main/static/js/973.d41f7ace.js:1
[     211ms] [LOG] [performance] layout render done 54 @ https://lf-tt4b.tiktokcdn.com/obj/ttastatic-sg/business_center/bc-main/static/js/main.853dab19.js:1
[     596ms] [LOG] iframe started @ https://sf16-website.neutral.tiktokcdn-eu.com/obj/tiktok_web_static_eu/tiktok/account/zti/html/main/index.cb59b700c7ab1b72eb2f.js:0
[     622ms] [INFO] feelgood version: 0.4.11 @ https://lf-tt4b.tiktokcdn.com/obj/ttastatic-sg/business_center/bc-main/static/js/async/197.47c28dcc.js:1
[     711ms] [LOG] ---pre fetch data all settled--- [] @ https://lf-tt4b.tiktokcdn.com/obj/ttastatic-sg/business_center/bc-main/static/js/main.853dab19.js:1
[     718ms] [LOG] [performance] afterLoad done 562 @ https://lf-tt4b.tiktokcdn.com/obj/ttastatic-sg/business_center/bc-main/static/js/973.d41f7ace.js:1
[     718ms] [LOG] [performance] beforeMount done 562 @ https://lf-tt4b.tiktokcdn.com/obj/ttastatic-sg/business_center/bc-main/static/js/973.d41f7ace.js:1
[     718ms] [LOG] --- [Garfish] beforeMount --- {basename: /select, asyncProviderTimeout: 2000, domGetter: #subApp, sandbox: Object, beforeEval: } @ https://lf-tt4b.tiktokcdn.com/obj/ttastatic-sg/business_center/bc-main/static/js/973.d41f7ace.js:1
[     721ms] [LOG] ----langJsonPath----
 https://lf-tt4b.tiktokcdn.com/obj/ttastatic-sg/business_center/bc-vue-child/lang/en.f17885d5.json @ https://lf-tt4b.tiktokcdn.com/obj/ttastatic-sg/business_center/bc-vue-child/pre-lang-3e47a28c.js:36
[    1091ms] [LOG] =====currentEnv==== sg @ https://lf-tt4b.tiktokcdn.com/obj/ttastatic-sg/business_center/bc-vue-child/js/app~efe2c852.f6e37560.js:2781
[    1115ms] [WARNING] [Garfish warning]: Package "vue" is not found

 @ https://lf16-ttmp.tiktokstaticb.com/obj/ttastatic-sg/sdks/garfish-1.19.9-iife.min.js:6
[    1173ms] [LOG] --IsBOE--- false @ https://lf-tt4b.tiktokcdn.com/obj/ttastatic-sg/business_center/bc-vue-child/js/app~493df0b3.d738d3e7.js:4046
[    1173ms] [LOG] ----envConfig- {bcOrigin: https://business.tiktok.com, platformOrigin: https://ads.tiktok.com, pluginConfig: Object, ssoZone: SG, imgSrcPrefix: Object} @ https://lf-tt4b.tiktokcdn.com/obj/ttastatic-sg/business_center/bc-vue-child/js/app~493df0b3.d738d3e7.js:4048
[    1213ms] [LOG] beforeEach start {name: select, meta: Object, path: /select, hash: , query: Object} {name: null, meta: Object, path: /, hash: , query: Object} @ https://lf-tt4b.tiktokcdn.com/obj/ttastatic-sg/business_center/bc-vue-child/js/app~3d9b8e9e.76f55f35.js:9596
[    1216ms] [LOG] setHeight vue_app JSHandle@node @ https://lf-tt4b.tiktokcdn.com/obj/ttastatic-sg/business_center/bc-main/static/js/main.853dab19.js:1
[    1216ms] [LOG] [performance] subAppLoadedBreakDown metrics {fetchStartToSubAppMounted: 1617.0999999940395, subAppLoaded: 512.0999999940395, subAppMounted: 497.7999999821186} @ https://lf-tt4b.tiktokcdn.com/obj/ttastatic-sg/business_center/bc-main/static/js/973.d41f7ace.js:1
[    1216ms] [LOG] [performance] afterMount done 1060 @ https://lf-tt4b.tiktokcdn.com/obj/ttastatic-sg/business_center/bc-main/static/js/973.d41f7ace.js:1
[    1216ms] [LOG] --- [Garfish] afterMount --- {basename: /select, asyncProviderTimeout: 2000, domGetter: #subApp, sandbox: Object, beforeEval: } @ https://lf-tt4b.tiktokcdn.com/obj/ttastatic-sg/business_center/bc-main/static/js/973.d41f7ace.js:1
[    1216ms] [LOG] --- [Garfish] afterMount --- @ https://lf-tt4b.tiktokcdn.com/obj/ttastatic-sg/business_center/bc-main/static/js/973.d41f7ace.js:1
[    1219ms] [LOG] beforeEach end {name: select, meta: Object, path: /select, hash: , query: Object} {name: null, meta: Object, path: /, hash: , query: Object} @ https://lf-tt4b.tiktokcdn.com/obj/ttastatic-sg/business_center/bc-vue-child/js/app~3d9b8e9e.76f55f35.js:9603
[    1230ms] [LOG] vue getPreloadLangPromise resolve @ https://lf-tt4b.tiktokcdn.com/obj/ttastatic-sg/business_center/bc-vue-child/js/languages~b0225fd3.32dce8f3.js:596
[    1230ms] [LOG] vue getPreloadLangPromise resolve @ https://lf-tt4b.tiktokcdn.com/obj/ttastatic-sg/business_center/bc-vue-child/js/languages~b0225fd3.32dce8f3.js:596
[    1239ms] [LOG] vue getPreloadLangPromise resolve @ https://lf-tt4b.tiktokcdn.com/obj/ttastatic-sg/business_center/bc-vue-child/js/languages~b0225fd3.32dce8f3.js:596
[    1299ms] [LOG] %c %s color: yellow; background-color: black; [instance: UM_TTAM_TEA] appid: 1583, userInfo:{"user_unique_id":"7648512234632527888","user_type":2,"user_id":"7648512234632527888","web_id":"7648526971756856840"} @ https://lf-tt4b.tiktokcdn.com/obj/ttastatic-sg/business_center/bc-main/static/js/138.114c65a7.js:1
[    1299ms] [LOG] %c %s color: yellow; background-color: black; [instance: UM_TTAM_TEA] appid: 1583, sdk is ready, version is 5.3.15_oversea, you can report now !!! @ https://lf-tt4b.tiktokcdn.com/obj/ttastatic-sg/business_center/bc-main/static/js/138.114c65a7.js:1
[    1299ms] [LOG] %c %s color: yellow; background-color: black; [instance: UM_BC_TEA] appid: 2239, userInfo:{"user_unique_id":"7648512234632527888","user_type":2,"user_id":"7648512234632527888","web_id":"7648526973313205768"} @ https://lf-tt4b.tiktokcdn.com/obj/ttastatic-sg/business_center/bc-main/static/js/138.114c65a7.js:1
[    1299ms] [LOG] %c %s color: yellow; background-color: black; [instance: UM_BC_TEA] appid: 2239, sdk is ready, version is 5.3.15_oversea, you can report now !!! @ https://lf-tt4b.tiktokcdn.com/obj/ttastatic-sg/business_center/bc-main/static/js/138.114c65a7.js:1
[    1309ms] [LOG] [Garfish router afterEach]: {fullPath: /select, href: https://business.tiktok.com/select?source=BC_home&attr_source=BC_home, path: /select, query: Object, state: Object} {fullPath: /, href: , path: /, query: Object, state: Object} @ https://lf-tt4b.tiktokcdn.com/obj/ttastatic-sg/business_center/bc-main/static/js/main.853dab19.js:1
[    1364ms] [LOG] starlingClient load done 1205 @ https://lf-tt4b.tiktokcdn.com/obj/ttastatic-sg/business_center/bc-main/static/js/main.853dab19.js:1
[    1433ms] [LOG] %c %s color: yellow; background-color: black; [instance: UM_BC_TEA] appid: 2239, userInfo:{"user_unique_id":"7648526973313205768","web_id":"7648526973313205768"} @ https://lf-tt4b.tiktokcdn.com/obj/ttastatic-sg/business_center/bc-main/static/js/138.114c65a7.js:1
[    1433ms] [LOG] %c %s color: yellow; background-color: black; [instance: UM_BC_TEA] appid: 2239, sdk is ready, version is 5.3.15_oversea, you can report now !!! @ https://lf-tt4b.tiktokcdn.com/obj/ttastatic-sg/business_center/bc-main/static/js/138.114c65a7.js:1
[    1433ms] [LOG] %c %s color: yellow; background-color: black; [instance: UM_TTAM_TEA] appid: 1583, userInfo:{"user_unique_id":"7648512234632527888","web_id":"7648526971756856840"} @ https://lf-tt4b.tiktokcdn.com/obj/ttastatic-sg/business_center/bc-main/static/js/138.114c65a7.js:1
[    1433ms] [LOG] %c %s color: yellow; background-color: black; [instance: UM_TTAM_TEA] appid: 1583, sdk is ready, version is 5.3.15_oversea, you can report now !!! @ https://lf-tt4b.tiktokcdn.com/obj/ttastatic-sg/business_center/bc-main/static/js/138.114c65a7.js:1
[    1661ms] [LOG] hgh-test:VMOK:currentPlatform 1 @ https://lf16-ttmp.byteintlstatic.com/obj/ttastatic-sg/bc_main_vmok/static/js/async/__federation_expose_toolbar.a797c149.js:1
[    1667ms] [LOG] hgh-test:VMOK:currentPlatform 1 @ https://lf16-ttmp.byteintlstatic.com/obj/ttastatic-sg/bc_main_vmok/static/js/async/__federation_expose_toolbar.a797c149.js:1
[    1781ms] [LOG] %c %s color: yellow; background-color: black; [instance: UM_BC_TEA] appid: 2239 token change, new userInfo:{"user_unique_id":"7648512234632527888","web_id":"7648526973313205768"} @ https://lf-tt4b.tiktokcdn.com/obj/ttastatic-sg/business_center/bc-main/static/js/138.114c65a7.js:1
[    1823ms] [LOG] %c %s color: yellow; background-color: black; [instance: cookie_banner_tea_sdk] appid: 345918, userInfo:{"user_unique_id":"7509131382014210459","web_id":"7509131382014210459"} @ https://lf-tt4b.tiktokcdn.com/obj/ttastatic-sg/business_center/bc-main/static/js/138.114c65a7.js:1
[    1823ms] [LOG] %c %s color: yellow; background-color: black; [instance: cookie_banner_tea_sdk] appid: 345918, sdk is ready, version is 5.3.15_oversea, you can report now !!! @ https://lf-tt4b.tiktokcdn.com/obj/ttastatic-sg/business_center/bc-main/static/js/138.114c65a7.js:1
[    1838ms] [ERROR] Connecting to 'https://mon16-normal-useastred.tiktokv.eu/monitor_web/settings/browser-settings?bid=pns_cookie_banner_slardar&store=1' violates the following Content Security Policy directive: "default-src 'self' 'unsafe-eval' 'unsafe-inline' blob: bytedance: data: http://*.akamaized.net wss://*.tiktok.com *.adsintegrity.net *.akamaized.net *.amazonaws.com *.bitssec.com *.braintree-api.com *.braintreegateway.com *.business-tiktok.com *.bytedapm.com *.bytehwm-row.com *.byteintl.com *.byteintl.net *.byteintlapi.com *.byteintlstatic.com *.bytelemon.com *.byteoversea.com *.bytevcloudapi.com *.doubleclick.net *.g-p-static.com *.g-t-static.com *.gcrmtos.com *.goin.cloud *.goofy-cdn.com *.goofy.app *.googleapis.com *.googletagmanager.com *.gstatic.com *.ibytedtos.com *.ibyteimg.com *.isnssdk.com *.oecstatic.com *.omise.co *.paypal.com *.pipopay.com *.pipopayment.com *.pipopayment.us *.sgsnssdk.com *.slant.co *.tiktok-row.net *.tiktok.com *.tiktokcdn-eu.com *.tiktokcdn-us.com *.tiktokcdn.com *.tiktokstaticb.com *.tiktokv-eu.com *.tiktokv-us.com *.tiktokv.com *.tiktokw.eu *.tiktokw.us *.ttwstatic.com *.vimeo.com *.vodupload.com *.yhgfb-static.com s.yimg.com sf-starling.tiktok-cdns.com". Note that 'connect-src' was not explicitly set, so 'default-src' is used as a fallback. The action has been blocked. @ https://sf16-website-login.neutral.ttwstatic.com/obj/tiktok_web_login_static/tiktok_privacy_protection_framework/loader/1.0.0.943/index.js:3
[    1842ms] [ERROR] Connecting to 'https://mon16-normal-useastred.tiktokv.eu/monitor_web/settings/browser-settings?bid=pns_consent_system&store=1' violates the following Content Security Policy directive: "default-src 'self' 'unsafe-eval' 'unsafe-inline' blob: bytedance: data: http://*.akamaized.net wss://*.tiktok.com *.adsintegrity.net *.akamaized.net *.amazonaws.com *.bitssec.com *.braintree-api.com *.braintreegateway.com *.business-tiktok.com *.bytedapm.com *.bytehwm-row.com *.byteintl.com *.byteintl.net *.byteintlapi.com *.byteintlstatic.com *.bytelemon.com *.byteoversea.com *.bytevcloudapi.com *.doubleclick.net *.g-p-static.com *.g-t-static.com *.gcrmtos.com *.goin.cloud *.goofy-cdn.com *.goofy.app *.googleapis.com *.googletagmanager.com *.gstatic.com *.ibytedtos.com *.ibyteimg.com *.isnssdk.com *.oecstatic.com *.omise.co *.paypal.com *.pipopay.com *.pipopayment.com *.pipopayment.us *.sgsnssdk.com *.slant.co *.tiktok-row.net *.tiktok.com *.tiktokcdn-eu.com *.tiktokcdn-us.com *.tiktokcdn.com *.tiktokstaticb.com *.tiktokv-eu.com *.tiktokv-us.com *.tiktokv.com *.tiktokw.eu *.tiktokw.us *.ttwstatic.com *.vimeo.com *.vodupload.com *.yhgfb-static.com s.yimg.com sf-starling.tiktok-cdns.com". Note that 'connect-src' was not explicitly set, so 'default-src' is used as a fallback. The action has been blocked. @ https://sf16-website-login.neutral.ttwstatic.com/obj/tiktok_web_login_static/tiktok_privacy_protection_framework/loader/1.0.0.943/index.js:3
[    1896ms] [WARNING] no questionnaire match @ https://lf-tt4b.tiktokcdn.com/obj/ttastatic-sg/business_center/bc-main/static/js/async/197.47c28dcc.js:1
[    1896ms] [LOG] undefined @ https://lf-tt4b.tiktokcdn.com/obj/ttastatic-sg/business_center/bc-main/static/js/main.853dab19.js:1
[    2003ms] [LOG] hgh-test:VMOK:currentPlatform 1 @ https://lf16-ttmp.byteintlstatic.com/obj/ttastatic-sg/bc_main_vmok/static/js/async/__federation_expose_toolbar.a797c149.js:1
[    2015ms] [LOG] hgh-test:VMOK:currentPlatform 1 @ https://lf16-ttmp.byteintlstatic.com/obj/ttastatic-sg/bc_main_vmok/static/js/async/__federation_expose_toolbar.a797c149.js:1
[    2039ms] [LOG] hgh-test:VMOK:currentPlatform 1 @ https://lf16-ttmp.byteintlstatic.com/obj/ttastatic-sg/bc_main_vmok/static/js/async/__federation_expose_toolbar.a797c149.js:1
[    2077ms] [LOG] hgh-test:VMOK:currentPlatform 1 @ https://lf16-ttmp.byteintlstatic.com/obj/ttastatic-sg/bc_main_vmok/static/js/async/__federation_expose_toolbar.a797c149.js:1
[    2180ms] [LOG] useCompanyBcInfiniteQuery:bcListData: {orgs: Array(1), pagination: Object} @ https://lf-tt4b.tiktokcdn.com/obj/ttastatic-sg/business_center/bc-main/static/js/async/tt4b-business-center.f5518fb9.js:4
[    2249ms] [WARNING] no questionnaire match @ https://lf-tt4b.tiktokcdn.com/obj/ttastatic-sg/business_center/bc-main/static/js/async/197.47c28dcc.js:1
[    2249ms] [LOG] undefined @ https://lf-tt4b.tiktokcdn.com/obj/ttastatic-sg/business_center/bc-main/static/js/main.853dab19.js:1
[    2338ms] [ERROR] Translation is not registered correctly,
                            you can call Locale.use() to install it. @ https://lf-tt4b.tiktokcdn.com/obj/ttastatic-sg/business_center/bc-vue-child/js/vendor~5062cacb.c87a05e6.js:5
[    2338ms] [ERROR] Translation is not registered correctly,
                            you can call Locale.use() to install it. @ https://lf-tt4b.tiktokcdn.com/obj/ttastatic-sg/business_center/bc-vue-child/js/vendor~5062cacb.c87a05e6.js:5
[    2338ms] [ERROR] Translation is not registered correctly,
                            you can call Locale.use() to install it. @ https://lf-tt4b.tiktokcdn.com/obj/ttastatic-sg/business_center/bc-vue-child/js/vendor~5062cacb.c87a05e6.js:5
[    2339ms] [ERROR] Translation is not registered correctly,
                            you can call Locale.use() to install it. @ https://lf-tt4b.tiktokcdn.com/obj/ttastatic-sg/business_center/bc-vue-child/js/vendor~5062cacb.c87a05e6.js:5
[    2339ms] [ERROR] Translation is not registered correctly,
                            you can call Locale.use() to install it. @ https://lf-tt4b.tiktokcdn.com/obj/ttastatic-sg/business_center/bc-vue-child/js/vendor~5062cacb.c87a05e6.js:5
[    2339ms] [ERROR] Translation is not registered correctly,
                            you can call Locale.use() to install it. @ https://lf-tt4b.tiktokcdn.com/obj/ttastatic-sg/business_center/bc-vue-child/js/vendor~5062cacb.c87a05e6.js:5
[   10244ms] [LOG] [performance] bc-main resource cache hit stat {publicPath: https://lf-tt4b.tiktokcdn.com/obj/ttastatic-sg/business_center/bc-main/, appResourceCount: 30, localCacheHitCount: 0, localCacheHitRate: 0} @ https://lf-tt4b.tiktokcdn.com/obj/ttastatic-sg/business_center/bc-main/static/js/main.853dab19.js:1
