2026-06-07T00:55:53Z campaign-loop run started duration_hours=72 interval_seconds=900
WorldCup26 campaign runner ready
Generated: 2026-06-07T00:55:53.386Z
Referral: 26BC4B90CB https://worldcup26.world/login?ref=26BC4B90CB
Due actions: 20
Due now: 1
Overdue actions (60+ min): 19
Post-now rows: 16
Upcoming actions (12h): 12
Ready outbox rows: 26
Logged proof rows: 48
Due rows still needing proof: 20

Dexter: Football groups - Ask approved group admin for permission; post group variant only if allowed
Sienna: WhatsApp Status - Post story asset with video caption 1
Memo: Ops check - Summarize Day 1: posts, replies, joins observed, next 5 actions
Nano: WhatsApp personal - Send personal invite to warm contacts

Outputs written to: /Users/davidai/Documents/WorldCup/marketing/worldcup26-campaign/runtime
2026-06-07T00:55:53Z runner ok
2026-06-07T00:55:53Z pulse ok
2026-06-07T00:55:53Z dispatch ok
2026-06-07T01:08:25Z campaign-loop run started duration_hours=72 interval_seconds=900
WorldCup26 campaign runner ready
Generated: 2026-06-07T01:08:26.017Z
Referral: 26BC4B90CB https://worldcup26.world/login?ref=26BC4B90CB
Due actions: 21
Due now: 1
Overdue actions (60+ min): 20
Post-now rows: 16
Upcoming actions (12h): 12
Ready outbox rows: 27
Logged proof rows: 48
Due rows still needing proof: 21

Dexter: Football groups - Ask approved group admin for permission; post group variant only if allowed
Sienna: WhatsApp Status - Post story asset with video caption 1
Memo: Ops check - Summarize Day 1: posts, replies, joins observed, next 5 actions
Nano: WhatsApp personal - Send personal invite to warm contacts

Outputs written to: /Users/davidai/Documents/WorldCup/marketing/worldcup26-campaign/runtime
2026-06-07T01:08:26Z runner ok
2026-06-07T01:08:26Z pulse ok
2026-06-07T01:14:00Z campaign-loop run started duration_hours=72 interval_seconds=900
WorldCup26 campaign runner ready
Generated: 2026-06-07T01:14:00.619Z
Referral: 26BC4B90CB https://worldcup26.world/login?ref=26BC4B90CB
Due actions: 21
Due now: 1
Overdue actions (60+ min): 20
Post-now rows: 16
Upcoming actions (12h): 12
Ready outbox rows: 27
Logged proof rows: 48
Due rows still needing proof: 21

Dexter: Football groups - Ask approved group admin for permission; post group variant only if allowed
Sienna: WhatsApp Status - Post story asset with video caption 1
Memo: Ops check - Summarize Day 1: posts, replies, joins observed, next 5 actions
Nano: WhatsApp personal - Send personal invite to warm contacts

Outputs written to: /Users/davidai/Documents/WorldCup/marketing/worldcup26-campaign/runtime
2026-06-07T01:14:00Z runner ok
2026-06-07T01:14:00Z pulse ok
2026-06-07T01:14:00Z dispatch ok
2026-06-07T01:18:27Z campaign-loop run started duration_hours=72 interval_seconds=900
WorldCup26 campaign runner ready
Generated: 2026-06-07T01:18:27.455Z
Referral: 26BC4B90CB https://worldcup26.world/login?ref=26BC4B90CB
Due actions: 21
Due now: 1
Overdue actions (60+ min): 20
Post-now rows: 16
Upcoming actions (12h): 12
Ready outbox rows: 27
Logged proof rows: 48
Due rows still needing proof: 21

Dexter: Football groups - Ask approved group admin for permission; post group variant only if allowed
Sienna: WhatsApp Status - Post story asset with video caption 1
Memo: Ops check - Summarize Day 1: posts, replies, joins observed, next 5 actions
Nano: WhatsApp personal - Send personal invite to warm contacts

Outputs written to: /Users/davidai/Documents/WorldCup/marketing/worldcup26-campaign/runtime
2026-06-07T01:18:27Z runner ok
2026-06-07T01:18:27Z pulse ok
2026-06-07T01:18:27Z dispatch ok
2026-06-07T05:53:26Z campaign-loop run started duration_hours=72 interval_seconds=900
WorldCup26 campaign runner ready
Generated: 2026-06-07T05:53:26.704Z
Referral: 26BC4B90CB https://worldcup26.world/login?ref=26BC4B90CB
Due actions: 25
Due now: 1
Overdue actions (60+ min): 24
Post-now rows: 16
Upcoming actions (12h): 12
Ready outbox rows: 27
Logged proof rows: 48
Due rows still needing proof: 25

Dexter: Football groups - Ask approved group admin for permission; post group variant only if allowed
Sienna: WhatsApp Status - Post story asset with video caption 1
Memo: Ops check - Summarize Day 1: posts, replies, joins observed, next 5 actions
Nano: WhatsApp personal - Send personal invite to warm contacts

Outputs written to: /Users/davidai/Documents/WorldCup/marketing/worldcup26-campaign/runtime
2026-06-07T05:53:26Z runner ok
2026-06-07T05:53:26Z pulse ok
2026-06-07T05:53:26Z dispatch ok
2026-06-07T05:53:30Z link-sentinel ok
2026-06-07T05:53:33Z paid-traffic-guard ok
2026-06-07T06:07:15Z campaign-loop run started duration_hours=72 interval_seconds=900
2026-06-07T06:12:40Z campaign-loop run started duration_hours=72 interval_seconds=900
2026-06-07T09:11:11Z campaign-loop run started duration_hours=72 interval_seconds=900
2026-06-07T09:14:04Z campaign-loop run started duration_hours=72 interval_seconds=900
2026-06-07T09:16:32Z campaign-loop run started duration_hours=72 interval_seconds=900
2026-06-07T11:34:16Z campaign-loop run started duration_hours=72 interval_seconds=900
WorldCup26 campaign runner ready
Generated: 2026-06-07T11:34:16.970Z
Referral: 26BC4B90CB https://worldcup26.world/login?ref=26BC4B90CB
Due actions: 31
Due now: 1
Overdue actions (60+ min): 30
Post-now rows: 16
Upcoming actions (12h): 12
Ready outbox rows: 28
Logged proof rows: 48
Due rows still needing proof: 31

Dexter: Football groups - Ask approved group admin for permission; post group variant only if allowed
Sienna: WhatsApp Status - Post story asset with video caption 1
Memo: Ops check - Summarize Day 1: posts, replies, joins observed, next 5 actions
Nano: WhatsApp personal - Send personal invite to warm contacts

Outputs written to: /Users/davidai/Documents/WorldCup/marketing/worldcup26-campaign/runtime
2026-06-07T11:34:16Z runner ok
2026-06-07T11:34:17Z pulse ok
2026-06-07T11:34:17Z dispatch ok
2026-06-07T15:07:24Z campaign-loop run started duration_hours=72 interval_seconds=900
2026-06-07T15:10:44Z campaign-loop run started duration_hours=72 interval_seconds=900
WorldCup26 campaign runner ready
Generated: 2026-06-07T15:10:44.411Z
Referral: 26BC4B90CB https://worldcup26.world/login?ref=26BC4B90CB
Due actions: 35
Due now: 1
Overdue actions (60+ min): 34
Post-now rows: 16
Upcoming actions (12h): 12
Ready outbox rows: 28
Logged proof rows: 49
Due rows still needing proof: 35

Dexter: Football groups - Ask approved group admin for permission; post group variant only if allowed
Sienna: WhatsApp Status - Post story asset with video caption 1
Memo: Ops check - Summarize Day 1: posts, replies, joins observed, next 5 actions
Nano: WhatsApp personal - Send personal invite to warm contacts

Outputs written to: /Users/davidai/Documents/WorldCup/marketing/worldcup26-campaign/runtime
2026-06-07T15:10:44Z runner ok
2026-06-07T15:10:44Z pulse ok
2026-06-07T15:10:44Z dispatch ok
2026-06-07T17:22:55Z campaign-loop run started duration_hours=72 interval_seconds=900
WorldCup26 campaign runner ready
Generated: 2026-06-07T17:22:55.186Z
Referral: 26BC4B90CB https://worldcup26.world/login?ref=26BC4B90CB
Due actions: 37
Due now: 1
Overdue actions (60+ min): 36
Post-now rows: 16
Upcoming actions (12h): 12
Ready outbox rows: 29
Logged proof rows: 49
Due rows still needing proof: 37

Active hot actions from worker wake board:
Nano: WhatsApp personal - Send warm-contact invite to 10 football friends.
Sienna: WhatsApp personal - Send warm-contact invite to 10 close contacts.
Dexter: WhatsApp admins - Send warm-contact invite to football group admins.
Memo: WhatsApp testers - Send warm-contact invite to 3 trusted testers.

Dexter: Football groups - Ask approved group admin for permission; post group variant only if allowed
Sienna: WhatsApp Status - Post story asset with video caption 1
Memo: Ops check - Summarize Day 1: posts, replies, joins observed, next 5 actions
Nano: WhatsApp personal - Send personal invite to warm contacts

Outputs written to: /Users/davidai/Documents/WorldCup/marketing/worldcup26-campaign/runtime
2026-06-07T17:22:55Z runner ok
2026-06-07T17:22:55Z pulse ok
2026-06-07T17:22:55Z dispatch ok
2026-06-07T17:24:37Z campaign-loop run started duration_hours=72 interval_seconds=900
WorldCup26 campaign runner ready
Generated: 2026-06-07T17:24:37.869Z
Referral: 26BC4B90CB https://worldcup26.world/login?ref=26BC4B90CB
Due actions: 37
Due now: 1
Overdue actions (60+ min): 36
Post-now rows: 16
Upcoming actions (12h): 12
Ready outbox rows: 29
Logged proof rows: 49
Due rows still needing proof: 37

Active hot actions from worker wake board:
Nano: WhatsApp personal - Send warm-contact invite to 10 football friends.
Sienna: WhatsApp personal - Send warm-contact invite to 10 close contacts.
Dexter: WhatsApp admins - Send warm-contact invite to football group admins.
Memo: WhatsApp testers - Send warm-contact invite to 3 trusted testers.

Dexter: Football groups - Ask approved group admin for permission; post group variant only if allowed
Sienna: WhatsApp Status - Post story asset with video caption 1
Memo: Ops check - Summarize Day 1: posts, replies, joins observed, next 5 actions
Nano: WhatsApp personal - Send personal invite to warm contacts

Outputs written to: /Users/davidai/Documents/WorldCup/marketing/worldcup26-campaign/runtime
2026-06-07T17:24:37Z runner ok
2026-06-07T17:24:37Z pulse ok
2026-06-07T17:24:38Z dispatch ok
2026-06-07T17:24:41Z link-sentinel ok
2026-06-07T17:26:12Z campaign-loop run started duration_hours=72 interval_seconds=900
WorldCup26 campaign runner ready
Generated: 2026-06-07T17:26:12.534Z
Referral: 26BC4B90CB https://worldcup26.world/login?ref=26BC4B90CB
Due actions: 37
Due now: 1
Overdue actions (60+ min): 36
Post-now rows: 16
Upcoming actions (12h): 12
Ready outbox rows: 29
Logged proof rows: 49
Due rows still needing proof: 37

Active hot actions from worker wake board:
Nano: WhatsApp personal - Send warm-contact invite to 10 football friends.
Sienna: WhatsApp personal - Send warm-contact invite to 10 close contacts.
Dexter: WhatsApp admins - Send warm-contact invite to football group admins.
Memo: WhatsApp testers - Send warm-contact invite to 3 trusted testers.

Dexter: Football groups - Ask approved group admin for permission; post group variant only if allowed
Sienna: WhatsApp Status - Post story asset with video caption 1
Memo: Ops check - Summarize Day 1: posts, replies, joins observed, next 5 actions
Nano: WhatsApp personal - Send personal invite to warm contacts

Outputs written to: /Users/davidai/Documents/WorldCup/marketing/worldcup26-campaign/runtime
2026-06-07T17:26:12Z runner ok
2026-06-07T17:26:12Z pulse ok
2026-06-07T17:26:14Z dispatch ok
2026-06-07T17:26:18Z link-sentinel ok
2026-06-07T17:26:21Z paid-traffic-guard ok
2026-06-07T17:26:26Z live-ad-qa ok
2026-06-07T17:26:29Z ad-platform-audit ok
2026-06-07T17:26:30Z ad-ops-links ok
2026-06-07T17:26:30Z paid-dashboard-checks ok
2026-06-07T17:26:30Z paid-ad-triage ok
2026-06-07T17:26:30Z paid-no-click-rescue ok
2026-06-07T17:26:32Z conversion-guard ok
2026-06-07T17:26:32Z referral-activity ok
2026-06-07T17:26:32Z signup-conversion-audit ok
2026-06-07T17:26:33Z next-hour ok
2026-06-07T17:26:33Z phone-action-sheet ok
2026-06-07T17:26:33Z top-six-mobile ok
2026-06-07T17:26:33Z warm-contact-sprint ok
2026-06-07T17:26:33Z warm-followup-monitor ok
2026-06-07T17:26:33Z response-kit ok
2026-06-07T17:26:33Z action-launcher ok
2026-06-07T17:26:33Z first-human-actions ok
2026-06-07T17:26:33Z first-send-bridge ok
2026-06-07T17:26:33Z hot-proof-ping ok
2026-06-07T17:26:33Z posting-sprint ok
2026-06-07T17:26:33Z session-recovery ok
2026-06-07T17:26:33Z proof-stall monitor ok
2026-06-07T17:26:33Z proof-sla ok
2026-06-07T17:26:34Z proof-audit ok
2026-06-07T17:26:34Z proof-url-recovery ok
2026-06-07T17:26:34Z proof-rescue ok
2026-06-07T17:26:34Z social-rescue-pack ok
2026-06-07T17:26:34Z zero-signup-rescue ok
2026-06-07T17:26:34Z public-channel-attempts ok
2026-06-07T17:26:34Z login-unlock-board ok
2026-06-07T17:26:34Z proof-intake ok
2026-06-07T17:26:34Z proof-closeout ok
2026-06-07T17:26:34Z posting-cockpit ok
2026-06-07T17:26:34Z worker-wake ok
2026-06-07T17:26:34Z escalation-board ok
2026-06-07T17:26:34Z objective-audit ok
2026-06-07T17:26:35Z evidence-board ok
2026-06-07T17:26:35Z operator-push ok
2026-06-07T17:26:35Z real-action-bridge ok
2026-06-07T17:26:35Z one-click-share ok
2026-06-07T17:26:35Z public-outreach-targets ok
2026-06-07T17:26:35Z worker-launchers ok
